[2019-03-27 12:54:00] ### INFO ### Logger initialized, logging to log/lp19m.log
[2019-03-27 12:54:00] ### INFO ### PyPath has been initialized
[2019-03-27 12:54:00] ### INFO ### Beginning session 'lp19m'
[2019-03-27 12:54:00] ### INFO ###### Retrieving data by dataio.trip_interactions() ...
[2019-03-27 12:54:07] ### ERROR ###### trip_interactions: No such file or dataio function! :(

[2019-03-27 12:54:07] ### INFO ###### attach_network(): No data, nothing to do.
[2019-03-27 12:54:07] ### INFO ###### Retrieving data by dataio.spike_interactions() ...
[2019-03-27 12:54:08] ### INFO ### Loading mapping tables...
[2019-03-27 12:54:08] ### INFO ###### Loading table ('genesymbol', 'uniprot') ...
[2019-03-27 12:54:09] ### INFO ###### Table ('genesymbol', 'uniprot') loaded from UniprotMapping.
[2019-03-27 12:54:09] ### INFO ### Loading mapping tables...
[2019-03-27 12:54:09] ### INFO ###### Loading table ('uniprot-sec', 'uniprot-pri') ...
[2019-03-27 12:54:09] ### INFO ###### Table ('uniprot-sec', 'uniprot-pri') loaded from FileMapping.
[2019-03-27 12:54:09] ### INFO ### Loading mapping tables...
[2019-03-27 12:54:09] ### INFO ###### Loading table ('genesymbol', 'trembl') ...
[2019-03-27 12:54:09] ### INFO ###### Table ('genesymbol', 'trembl') loaded from UniprotMapping.
[2019-03-27 12:54:09] ### INFO ### Loading mapping tables...
[2019-03-27 12:54:09] ### INFO ###### Loading table ('genesymbol-syn', 'uniprot') ...
[2019-03-27 12:54:09] ### INFO ###### Table ('genesymbol-syn', 'uniprot') loaded from UniprotMapping.
[2019-03-27 12:54:09] ### INFO ###### 3841 lines have been read from spike_interactions,3720 links after mapping; 
		0 lines filtered by filters;
		7 lines filtered because lack of references;
		0 lines filtered by taxon filters.
[2019-03-27 12:54:09] ### INFO ###### Mapped edge list saved to /home/moonstrider/.pypath/cache/spike.edges.pickle
[2019-03-27 12:54:09] ### INFO ###### New nodes have been created
[2019-03-27 12:54:09] ### INFO ###### New edges have been created
[2019-03-27 12:54:09] ### INFO ###### Introducing new node and edge attributes...
[2019-03-27 12:54:10] ### WARNING ###### Vertex attribute `exp` has only None values
[2019-03-27 12:54:10] ### WARNING ###### Vertex attribute `sources` has only None values
[2019-03-27 12:54:10] ### WARNING ###### Vertex attribute `references` has only None values
[2019-03-27 12:54:10] ### WARNING ###### Edge attribute `spike_mechanism` has multiple types of values: set, str
[2019-03-27 12:54:10] ### WARNING ###### Edge attribute `negative` has only None values
[2019-03-27 12:54:10] ### WARNING ###### Edge attribute `negative_refs` has only None values
[2019-03-27 12:54:10] ### WARNING ###### Edge attribute `spike_effect` has multiple types of values: set, str
[2019-03-27 12:54:10] ### INFO ###### Retrieving data by dataio.signalink_interactions() ...
[2019-03-27 12:54:10] ### INFO ### Loading mapping tables...
[2019-03-27 12:54:10] ### INFO ###### Loading table ('genesymbol', 'swissprot') ...
[2019-03-27 12:54:10] ### INFO ###### Table ('genesymbol', 'swissprot') loaded from UniprotMapping.
[2019-03-27 12:54:10] ### INFO ### Loading mapping tables...
[2019-03-27 12:54:10] ### INFO ###### Loading table ('genesymbol-syn', 'swissprot') ...
[2019-03-27 12:54:10] ### INFO ###### Table ('genesymbol-syn', 'swissprot') loaded from UniprotMapping.
[2019-03-27 12:54:11] ### INFO ###### 6993 lines have been read from signalink_interactions,6943 links after mapping; 
		0 lines filtered by filters;
		6 lines filtered because lack of references;
		0 lines filtered by taxon filters.
[2019-03-27 12:54:11] ### INFO ###### Mapped edge list saved to /home/moonstrider/.pypath/cache/signalink3.edges.pickle
[2019-03-27 12:54:11] ### INFO ###### New nodes have been created
[2019-03-27 12:54:11] ### INFO ###### New edges have been created
[2019-03-27 12:54:11] ### INFO ###### Introducing new node and edge attributes...
[2019-03-27 12:54:12] ### WARNING ###### Vertex attribute `exp` has only None values
[2019-03-27 12:54:12] ### WARNING ###### Edge attribute `negative` has only None values
[2019-03-27 12:54:12] ### WARNING ###### Edge attribute `netbiol_effect` has multiple types of values: set, str
[2019-03-27 12:54:12] ### WARNING ###### Edge attribute `netbiol_is_direct` has multiple types of values: set, str
[2019-03-27 12:54:12] ### WARNING ###### Edge attribute `negative_refs` has only None values
[2019-03-27 12:54:12] ### WARNING ###### Edge attribute `netbiol_mechanism` has multiple types of values: set, str
[2019-03-27 12:54:12] ### INFO ###### Retrieving data by dataio.guide2pharma() ...
[2019-03-27 12:54:12] ### INFO ###### -1 lines have been read from guide2pharma,0 links after mapping; 
		0 lines filtered by filters;
		0 lines filtered because lack of references;
		0 lines filtered by taxon filters.
[2019-03-27 12:54:12] ### INFO ###### Mapped edge list saved to /home/moonstrider/.pypath/cache/guide2pharma.edges.pickle
[2019-03-27 12:54:12] ### INFO ###### New nodes have been created
[2019-03-27 12:54:12] ### INFO ###### New edges have been created
[2019-03-27 12:54:12] ### INFO ###### Introducing new node and edge attributes...
[2019-03-27 12:54:12] ### WARNING ###### Vertex attribute `exp` has only None values
[2019-03-27 12:54:12] ### WARNING ###### Edge attribute `negative` has only None values
[2019-03-27 12:54:12] ### WARNING ###### Edge attribute `negative_refs` has only None values
[2019-03-27 12:54:12] ### INFO ###### Retrieving data by dataio.get_ca1() ...
[2019-03-27 12:54:12] ### INFO ###### 1787 lines have been read from get_ca1,1477 links after mapping; 
		0 lines filtered by filters;
		0 lines filtered because lack of references;
		0 lines filtered by taxon filters.
[2019-03-27 12:54:12] ### INFO ###### Mapped edge list saved to /home/moonstrider/.pypath/cache/ca1.edges.pickle
[2019-03-27 12:54:12] ### INFO ###### New nodes have been created
[2019-03-27 12:54:12] ### INFO ###### New edges have been created
[2019-03-27 12:54:12] ### INFO ###### Introducing new node and edge attributes...
[2019-03-27 12:54:12] ### WARNING ###### Vertex attribute `exp` has only None values
[2019-03-27 12:54:12] ### WARNING ###### Edge attribute `negative` has only None values
[2019-03-27 12:54:12] ### WARNING ###### Edge attribute `ca1_type` has multiple types of values: set, str
[2019-03-27 12:54:12] ### WARNING ###### Edge attribute `ca1_effect` has multiple types of values: set, str
[2019-03-27 12:54:12] ### WARNING ###### Edge attribute `negative_refs` has only None values
[2019-03-27 12:54:12] ### INFO ###### /home/moonstrider/anaconda3/envs/iDS/lib/python3.6/site-packages/pypath/data/arn_curated.csv opened...
[2019-03-27 12:54:12] ### INFO ###### 94 lines have been read from /home/moonstrider/anaconda3/envs/iDS/lib/python3.6/site-packages/pypath/data/arn_curated.csv,95 links after mapping; 
		0 lines filtered by filters;
		0 lines filtered because lack of references;
		0 lines filtered by taxon filters.
[2019-03-27 12:54:12] ### INFO ###### Mapped edge list saved to /home/moonstrider/.pypath/cache/arn.edges.pickle
[2019-03-27 12:54:12] ### INFO ###### New nodes have been created
[2019-03-27 12:54:12] ### INFO ###### New edges have been created
[2019-03-27 12:54:12] ### INFO ###### Introducing new node and edge attributes...
[2019-03-27 12:54:12] ### WARNING ###### Vertex attribute `exp` has only None values
[2019-03-27 12:54:12] ### WARNING ###### Edge attribute `negative` has only None values
[2019-03-27 12:54:12] ### WARNING ###### Edge attribute `netbiol_effect` has multiple types of values: str, set
[2019-03-27 12:54:12] ### WARNING ###### Edge attribute `negative_refs` has only None values
[2019-03-27 12:54:12] ### INFO ###### /home/moonstrider/anaconda3/envs/iDS/lib/python3.6/site-packages/pypath/data/nrf2ome.csv opened...
[2019-03-27 12:54:12] ### INFO ###### 108 lines have been read from /home/moonstrider/anaconda3/envs/iDS/lib/python3.6/site-packages/pypath/data/nrf2ome.csv,109 links after mapping; 
		0 lines filtered by filters;
		0 lines filtered because lack of references;
		0 lines filtered by taxon filters.
[2019-03-27 12:54:12] ### INFO ###### Mapped edge list saved to /home/moonstrider/.pypath/cache/nrf2ome.edges.pickle
[2019-03-27 12:54:12] ### INFO ###### New nodes have been created
[2019-03-27 12:54:12] ### INFO ###### New edges have been created
[2019-03-27 12:54:12] ### INFO ###### Introducing new node and edge attributes...
[2019-03-27 12:54:13] ### WARNING ###### Vertex attribute `exp` has only None values
[2019-03-27 12:54:13] ### WARNING ###### Edge attribute `negative` has only None values
[2019-03-27 12:54:13] ### WARNING ###### Edge attribute `netbiol_effect` has multiple types of values: str, set
[2019-03-27 12:54:13] ### WARNING ###### Edge attribute `negative_refs` has only None values
[2019-03-27 12:54:13] ### INFO ###### Retrieving data by dataio.macrophage_interactions() ...
[2019-03-27 12:54:13] ### INFO ###### 4515 lines have been read from macrophage_interactions,4860 links after mapping; 
		0 lines filtered by filters;
		13 lines filtered because lack of references;
		0 lines filtered by taxon filters.
[2019-03-27 12:54:13] ### INFO ###### Mapped edge list saved to /home/moonstrider/.pypath/cache/macrophage.edges.pickle
[2019-03-27 12:54:13] ### INFO ###### New nodes have been created
[2019-03-27 12:54:13] ### INFO ###### New edges have been created
[2019-03-27 12:54:13] ### INFO ###### Introducing new node and edge attributes...
[2019-03-27 12:54:13] ### WARNING ###### Vertex attribute `exp` has only None values
[2019-03-27 12:54:13] ### WARNING ###### Edge attribute `negative` has only None values
[2019-03-27 12:54:13] ### WARNING ###### Edge attribute `negative_refs` has only None values
[2019-03-27 12:54:13] ### INFO ###### Retrieving data by dataio.deathdomain_interactions() ...
[2019-03-27 12:54:15] ### ERROR ###### deathdomain_interactions: No such file or dataio function! :(

[2019-03-27 12:54:15] ### INFO ###### attach_network(): No data, nothing to do.
[2019-03-27 12:54:15] ### INFO ###### Retrieving data by dataio.get_pdzbase() ...
[2019-03-27 12:54:15] ### INFO ###### 338 lines have been read from get_pdzbase,125 links after mapping; 
		0 lines filtered by filters;
		0 lines filtered because lack of references;
		214 lines filtered by taxon filters.
[2019-03-27 12:54:15] ### INFO ###### Mapped edge list saved to /home/moonstrider/.pypath/cache/pdzbase.edges.pickle
[2019-03-27 12:54:15] ### INFO ###### New nodes have been created
[2019-03-27 12:54:15] ### INFO ###### New edges have been created
[2019-03-27 12:54:15] ### INFO ###### Introducing new node and edge attributes...
[2019-03-27 12:54:15] ### WARNING ###### Vertex attribute `exp` has only None values
[2019-03-27 12:54:15] ### WARNING ###### Edge attribute `negative` has only None values
[2019-03-27 12:54:15] ### WARNING ###### Edge attribute `negative_refs` has only None values
[2019-03-27 12:54:15] ### INFO ###### Retrieving data by dataio.signor_interactions() ...
[2019-03-27 12:54:17] ### INFO ###### 20140 lines have been read from signor_interactions,10124 links after mapping; 
		4012 lines filtered by filters;
		691 lines filtered because lack of references;
		3110 lines filtered by taxon filters.
[2019-03-27 12:54:17] ### INFO ###### Mapped edge list saved to /home/moonstrider/.pypath/cache/signor.edges.pickle
[2019-03-27 12:54:17] ### INFO ###### New nodes have been created
[2019-03-27 12:54:17] ### INFO ###### New edges have been created
[2019-03-27 12:54:17] ### INFO ###### Introducing new node and edge attributes...
[2019-03-27 12:54:19] ### WARNING ###### Vertex attribute `exp` has only None values
[2019-03-27 12:54:19] ### WARNING ###### Edge attribute `negative` has only None values
[2019-03-27 12:54:19] ### WARNING ###### Edge attribute `negative_refs` has only None values
[2019-03-27 12:54:19] ### INFO ###### Retrieving data by dataio.hpmr_interactions() ...
[2019-03-27 12:54:19] ### INFO ###### 621 lines have been read from hpmr_interactions,579 links after mapping; 
		0 lines filtered by filters;
		47 lines filtered because lack of references;
		0 lines filtered by taxon filters.
[2019-03-27 12:54:19] ### INFO ###### Mapped edge list saved to /home/moonstrider/.pypath/cache/hpmr.edges.pickle
[2019-03-27 12:54:19] ### INFO ###### New nodes have been created
[2019-03-27 12:54:19] ### INFO ###### New edges have been created
[2019-03-27 12:54:19] ### INFO ###### Introducing new node and edge attributes...
[2019-03-27 12:54:19] ### WARNING ###### Vertex attribute `exp` has only None values
[2019-03-27 12:54:19] ### WARNING ###### Edge attribute `negative` has only None values
[2019-03-27 12:54:19] ### WARNING ###### Edge attribute `negative_refs` has only None values
[2019-03-27 12:54:19] ### INFO ###### Retrieving data by dataio.cellphonedb_interactions() ...
[2019-03-27 12:54:20] ### INFO ###### 825 lines have been read from cellphonedb_interactions,148 links after mapping; 
		0 lines filtered by filters;
		678 lines filtered because lack of references;
		0 lines filtered by taxon filters.
[2019-03-27 12:54:20] ### INFO ###### Mapped edge list saved to /home/moonstrider/.pypath/cache/cellphonedb.edges.pickle
[2019-03-27 12:54:20] ### INFO ###### New nodes have been created
[2019-03-27 12:54:20] ### INFO ###### New edges have been created
[2019-03-27 12:54:20] ### INFO ###### Introducing new node and edge attributes...
[2019-03-27 12:54:20] ### WARNING ###### Vertex attribute `exp` has only None values
[2019-03-27 12:54:20] ### WARNING ###### Edge attribute `negative` has only None values
[2019-03-27 12:54:20] ### WARNING ###### Edge attribute `negative_refs` has only None values
[2019-03-27 12:54:20] ### INFO ###### Retrieving data by dataio.ramilowski_interactions() ...
[2019-03-27 12:54:20] ### INFO ###### 1898 lines have been read from ramilowski_interactions,341 links after mapping; 
		0 lines filtered by filters;
		1626 lines filtered because lack of references;
		0 lines filtered by taxon filters.
[2019-03-27 12:54:20] ### INFO ###### Mapped edge list saved to /home/moonstrider/.pypath/cache/ramilowski2015.edges.pickle
[2019-03-27 12:54:20] ### INFO ###### New nodes have been created
[2019-03-27 12:54:20] ### INFO ###### New edges have been created
[2019-03-27 12:54:20] ### INFO ###### Introducing new node and edge attributes...
[2019-03-27 12:54:21] ### WARNING ###### Vertex attribute `exp` has only None values
[2019-03-27 12:54:21] ### WARNING ###### Edge attribute `negative` has only None values
[2019-03-27 12:54:21] ### WARNING ###### Edge attribute `negative_refs` has only None values
[2019-03-27 12:54:21] ### INFO ###### Retrieving data by dataio.get_phosphosite_curated() ...
[2019-03-27 12:54:21] ### INFO ###### 5871 lines have been read from get_phosphosite_curated,5848 links after mapping; 
		0 lines filtered by filters;
		0 lines filtered because lack of references;
		0 lines filtered by taxon filters.
[2019-03-27 12:54:21] ### INFO ###### Mapped edge list saved to /home/moonstrider/.pypath/cache/phosphosite.edges.pickle
[2019-03-27 12:54:21] ### INFO ###### New nodes have been created
[2019-03-27 12:54:21] ### INFO ###### New edges have been created
[2019-03-27 12:54:21] ### INFO ###### Introducing new node and edge attributes...
[2019-03-27 12:54:23] ### WARNING ###### Vertex attribute `exp` has only None values
[2019-03-27 12:54:23] ### WARNING ###### Edge attribute `negative` has only None values
[2019-03-27 12:54:23] ### WARNING ###### Edge attribute `negative_refs` has only None values
[2019-03-27 12:54:23] ### INFO ###### Retrieving data by dataio.depod_interactions() ...
[2019-03-27 12:54:24] ### INFO ###### 831 lines have been read from depod_interactions,831 links after mapping; 
		0 lines filtered by filters;
		1 lines filtered because lack of references;
		0 lines filtered by taxon filters.
[2019-03-27 12:54:24] ### INFO ###### Mapped edge list saved to /home/moonstrider/.pypath/cache/depod.edges.pickle
[2019-03-27 12:54:24] ### INFO ###### New nodes have been created
[2019-03-27 12:54:24] ### INFO ###### New edges have been created
[2019-03-27 12:54:24] ### INFO ###### Introducing new node and edge attributes...
[2019-03-27 12:54:24] ### WARNING ###### Vertex attribute `exp` has only None values
[2019-03-27 12:54:24] ### WARNING ###### Edge attribute `negative` has only None values
[2019-03-27 12:54:24] ### WARNING ###### Edge attribute `negative_refs` has only None values
[2019-03-27 12:54:24] ### INFO ###### Retrieving data by dataio.lmpid_interactions() ...
[2019-03-27 12:54:32] ### INFO ###### 1169 lines have been read from lmpid_interactions,1170 links after mapping; 
		0 lines filtered by filters;
		0 lines filtered because lack of references;
		0 lines filtered by taxon filters.
[2019-03-27 12:54:32] ### INFO ###### Mapped edge list saved to /home/moonstrider/.pypath/cache/lmpid.edges.pickle
[2019-03-27 12:54:32] ### INFO ###### New nodes have been created
[2019-03-27 12:54:32] ### INFO ###### New edges have been created
[2019-03-27 12:54:32] ### INFO ###### Introducing new node and edge attributes...
[2019-03-27 12:54:32] ### WARNING ###### Vertex attribute `exp` has only None values
[2019-03-27 12:54:32] ### WARNING ###### Edge attribute `negative` has only None values
[2019-03-27 12:54:32] ### WARNING ###### Edge attribute `negative_refs` has only None values
[2019-03-27 12:54:32] ### INFO ###### Retrieving data by dataio.phelm_interactions() ...
[2019-03-27 12:54:33] ### INFO ###### 2425 lines have been read from phelm_interactions,2401 links after mapping; 
		0 lines filtered by filters;
		4 lines filtered because lack of references;
		0 lines filtered by taxon filters.
[2019-03-27 12:54:33] ### INFO ###### Mapped edge list saved to /home/moonstrider/.pypath/cache/phosphoelm.edges.pickle
[2019-03-27 12:54:33] ### INFO ###### New nodes have been created
[2019-03-27 12:54:33] ### INFO ###### New edges have been created
[2019-03-27 12:54:33] ### INFO ###### Introducing new node and edge attributes...
[2019-03-27 12:54:33] ### WARNING ###### Vertex attribute `exp` has only None values
[2019-03-27 12:54:34] ### WARNING ###### Edge attribute `negative` has only None values
[2019-03-27 12:54:34] ### WARNING ###### Edge attribute `negative_refs` has only None values
[2019-03-27 12:54:34] ### INFO ###### Retrieving data by dataio.get_elm_interactions() ...
[2019-03-27 12:54:34] ### INFO ###### 1442 lines have been read from get_elm_interactions,783 links after mapping; 
		0 lines filtered by filters;
		10 lines filtered because lack of references;
		649 lines filtered by taxon filters.
[2019-03-27 12:54:34] ### INFO ###### Mapped edge list saved to /home/moonstrider/.pypath/cache/elm.edges.pickle
[2019-03-27 12:54:34] ### INFO ###### New nodes have been created
[2019-03-27 12:54:34] ### INFO ###### New edges have been created
[2019-03-27 12:54:34] ### INFO ###### Introducing new node and edge attributes...
[2019-03-27 12:54:34] ### WARNING ###### Vertex attribute `exp` has only None values
[2019-03-27 12:54:34] ### WARNING ###### Edge attribute `negative` has only None values
[2019-03-27 12:54:34] ### WARNING ###### Edge attribute `negative_refs` has only None values
[2019-03-27 12:54:34] ### INFO ###### Retrieving data by dataio.get_domino_interactions() ...
[2019-03-27 12:54:34] ### INFO ###### -1 lines have been read from get_domino_interactions,0 links after mapping; 
		0 lines filtered by filters;
		0 lines filtered because lack of references;
		0 lines filtered by taxon filters.
[2019-03-27 12:54:34] ### INFO ###### Mapped edge list saved to /home/moonstrider/.pypath/cache/domino.edges.pickle
[2019-03-27 12:54:34] ### INFO ###### New nodes have been created
[2019-03-27 12:54:35] ### INFO ###### New edges have been created
[2019-03-27 12:54:35] ### INFO ###### Introducing new node and edge attributes...
[2019-03-27 12:54:35] ### WARNING ###### Vertex attribute `exp` has only None values
[2019-03-27 12:54:35] ### WARNING ###### Edge attribute `negative` has only None values
[2019-03-27 12:54:35] ### WARNING ###### Edge attribute `negative_refs` has only None values
[2019-03-27 12:54:35] ### INFO ###### Retrieving data by dataio.dbptm_interactions() ...
[2019-03-27 12:54:36] ### INFO ###### 2070 lines have been read from dbptm_interactions,1673 links after mapping; 
		0 lines filtered by filters;
		108 lines filtered because lack of references;
		0 lines filtered by taxon filters.
[2019-03-27 12:54:36] ### INFO ###### Mapped edge list saved to /home/moonstrider/.pypath/cache/dbptm.edges.pickle
[2019-03-27 12:54:36] ### INFO ###### New nodes have been created
[2019-03-27 12:54:36] ### INFO ###### New edges have been created
[2019-03-27 12:54:36] ### INFO ###### Introducing new node and edge attributes...
[2019-03-27 12:54:37] ### WARNING ###### Vertex attribute `exp` has only None values
[2019-03-27 12:54:37] ### WARNING ###### Edge attribute `negative` has only None values
[2019-03-27 12:54:37] ### WARNING ###### Edge attribute `negative_refs` has only None values
[2019-03-27 12:54:37] ### INFO ###### Retrieving data by dataio.hprd_interactions() ...
[2019-03-27 12:54:38] ### INFO ### Loading mapping tables...
[2019-03-27 12:54:38] ### INFO ###### Loading table ('refseqp', 'uniprot') ...
[2019-03-27 12:54:38] ### INFO ###### Table ('refseqp', 'uniprot') loaded from UniprotMapping.
[2019-03-27 12:54:38] ### INFO ###### 4670 lines have been read from hprd_interactions,4445 links after mapping; 
		0 lines filtered by filters;
		0 lines filtered because lack of references;
		0 lines filtered by taxon filters.
[2019-03-27 12:54:38] ### INFO ###### Mapped edge list saved to /home/moonstrider/.pypath/cache/hprd-phos.edges.pickle
[2019-03-27 12:54:38] ### INFO ###### New nodes have been created
[2019-03-27 12:54:38] ### INFO ###### New edges have been created
[2019-03-27 12:54:38] ### INFO ###### Introducing new node and edge attributes...
[2019-03-27 12:54:39] ### WARNING ###### Vertex attribute `exp` has only None values
[2019-03-27 12:54:39] ### WARNING ###### Edge attribute `negative` has only None values
[2019-03-27 12:54:39] ### WARNING ###### Edge attribute `hprd_mechanism` has multiple types of values: set, str
[2019-03-27 12:54:39] ### WARNING ###### Edge attribute `negative_refs` has only None values
[2019-03-27 12:54:39] ### INFO ###### Retrieving data by dataio.biogrid_interactions() ...
[2019-03-27 12:54:47] ### INFO ###### 216416 lines have been read from biogrid_interactions,162093 links after mapping; 
		0 lines filtered by filters;
		0 lines filtered because lack of references;
		0 lines filtered by taxon filters.
[2019-03-27 12:54:47] ### INFO ###### Mapped edge list saved to /home/moonstrider/.pypath/cache/biogrid.edges.pickle
[2019-03-27 12:54:47] ### INFO ###### New nodes have been created
[2019-03-27 12:54:48] ### INFO ###### New edges have been created
[2019-03-27 12:54:48] ### INFO ###### Introducing new node and edge attributes...
[2019-03-27 12:55:13] ### WARNING ###### Vertex attribute `exp` has only None values
[2019-03-27 12:55:13] ### WARNING ###### Edge attribute `negative` has only None values
[2019-03-27 12:55:14] ### WARNING ###### Edge attribute `negative_refs` has only None values
[2019-03-27 12:55:15] ### INFO ###### Retrieving data by dataio.get_ccmap() ...
[2019-03-27 12:55:16] ### INFO ###### 47643 lines have been read from get_ccmap,43457 links after mapping; 
		0 lines filtered by filters;
		226 lines filtered because lack of references;
		0 lines filtered by taxon filters.
[2019-03-27 12:55:16] ### INFO ###### Mapped edge list saved to /home/moonstrider/.pypath/cache/cancercellmap.edges.pickle
[2019-03-27 12:55:16] ### INFO ###### New nodes have been created
[2019-03-27 12:55:17] ### INFO ###### New edges have been created
[2019-03-27 12:55:17] ### INFO ###### Introducing new node and edge attributes...
[2019-03-27 12:55:22] ### WARNING ###### Vertex attribute `exp` has only None values
[2019-03-27 12:55:22] ### WARNING ###### Edge attribute `negative` has only None values
[2019-03-27 12:55:22] ### WARNING ###### Edge attribute `negative_refs` has only None values
[2019-03-27 12:55:23] ### INFO ###### Retrieving data by dataio.mppi_interactions() ...
[2019-03-27 12:55:23] ### INFO ###### 776 lines have been read from mppi_interactions,751 links after mapping; 
		0 lines filtered by filters;
		8 lines filtered because lack of references;
		0 lines filtered by taxon filters.
[2019-03-27 12:55:23] ### INFO ###### Mapped edge list saved to /home/moonstrider/.pypath/cache/mppi.edges.pickle
[2019-03-27 12:55:23] ### INFO ###### New nodes have been created
[2019-03-27 12:55:23] ### INFO ###### New edges have been created
[2019-03-27 12:55:23] ### INFO ###### Introducing new node and edge attributes...
[2019-03-27 12:55:24] ### WARNING ###### Vertex attribute `exp` has only None values
[2019-03-27 12:55:24] ### WARNING ###### Edge attribute `negative` has only None values
[2019-03-27 12:55:25] ### WARNING ###### Edge attribute `negative_refs` has only None values
[2019-03-27 12:55:25] ### INFO ###### Retrieving data by dataio.get_dip() ...
[2019-03-27 12:55:25] ### INFO ###### -1 lines have been read from get_dip,0 links after mapping; 
		0 lines filtered by filters;
		0 lines filtered because lack of references;
		0 lines filtered by taxon filters.
[2019-03-27 12:55:25] ### INFO ###### Mapped edge list saved to /home/moonstrider/.pypath/cache/dip.edges.pickle
[2019-03-27 12:55:25] ### INFO ###### New nodes have been created
[2019-03-27 12:55:25] ### INFO ###### New edges have been created
[2019-03-27 12:55:25] ### INFO ###### Introducing new node and edge attributes...
[2019-03-27 12:55:25] ### WARNING ###### Vertex attribute `exp` has only None values
[2019-03-27 12:55:25] ### WARNING ###### Edge attribute `negative` has only None values
[2019-03-27 12:55:26] ### WARNING ###### Edge attribute `negative_refs` has only None values
[2019-03-27 12:55:27] ### INFO ###### Retrieving data by dataio.get_innatedb() ...
[2019-03-27 12:55:27] ### INFO ###### 19035 lines have been read from get_innatedb,18829 links after mapping; 
		0 lines filtered by filters;
		0 lines filtered because lack of references;
		0 lines filtered by taxon filters.
[2019-03-27 12:55:27] ### INFO ###### Mapped edge list saved to /home/moonstrider/.pypath/cache/innatedb.edges.pickle
[2019-03-27 12:55:27] ### INFO ###### New nodes have been created
[2019-03-27 12:55:27] ### INFO ###### New edges have been created
[2019-03-27 12:55:27] ### INFO ###### Introducing new node and edge attributes...
[2019-03-27 12:55:33] ### WARNING ###### Vertex attribute `exp` has only None values
[2019-03-27 12:55:33] ### WARNING ###### Edge attribute `negative` has only None values
[2019-03-27 12:55:35] ### WARNING ###### Edge attribute `negative_refs` has only None values
[2019-03-27 12:55:35] ### INFO ###### Retrieving data by dataio.get_matrixdb() ...
[2019-03-27 12:55:35] ### INFO ###### 424 lines have been read from get_matrixdb,425 links after mapping; 
		0 lines filtered by filters;
		0 lines filtered because lack of references;
		0 lines filtered by taxon filters.
[2019-03-27 12:55:35] ### INFO ###### Mapped edge list saved to /home/moonstrider/.pypath/cache/matrixdb.edges.pickle
[2019-03-27 12:55:35] ### INFO ###### New nodes have been created
[2019-03-27 12:55:35] ### INFO ###### New edges have been created
[2019-03-27 12:55:35] ### INFO ###### Introducing new node and edge attributes...
[2019-03-27 12:55:36] ### WARNING ###### Vertex attribute `exp` has only None values
[2019-03-27 12:55:36] ### WARNING ###### Edge attribute `negative` has only None values
[2019-03-27 12:55:37] ### WARNING ###### Edge attribute `negative_refs` has only None values
[2019-03-27 12:55:37] ### INFO ###### Retrieving data by dataio.intact_interactions() ...
[2019-03-27 12:56:10] ### INFO ###### 123992 lines have been read from intact_interactions,74945 links after mapping; 
		0 lines filtered by filters;
		49138 lines filtered because lack of references;
		0 lines filtered by taxon filters.
[2019-03-27 12:56:11] ### INFO ###### Mapped edge list saved to /home/moonstrider/.pypath/cache/intact.edges.pickle
[2019-03-27 12:56:11] ### INFO ###### New nodes have been created
[2019-03-27 12:56:11] ### INFO ###### New edges have been created
[2019-03-27 12:56:11] ### INFO ###### Introducing new node and edge attributes...
[2019-03-27 12:56:50] ### WARNING ###### Vertex attribute `exp` has only None values
[2019-03-27 12:56:50] ### WARNING ###### Edge attribute `negative` has only None values
[2019-03-27 12:56:53] ### WARNING ###### Edge attribute `negative_refs` has only None values
[2019-03-27 12:56:54] ### INFO ###### Retrieving data by dataio.hprd_htp() ...
[2019-03-27 12:56:56] ### INFO ###### 39240 lines have been read from hprd_htp,42023 links after mapping; 
		0 lines filtered by filters;
		0 lines filtered because lack of references;
		0 lines filtered by taxon filters.
[2019-03-27 12:56:56] ### INFO ###### Mapped edge list saved to /home/moonstrider/.pypath/cache/hprd.edges.pickle
[2019-03-27 12:56:56] ### INFO ###### New nodes have been created
[2019-03-27 12:56:56] ### INFO ###### New edges have been created
[2019-03-27 12:56:56] ### INFO ###### Introducing new node and edge attributes...
[2019-03-27 12:57:18] ### WARNING ###### Vertex attribute `exp` has only None values
[2019-03-27 12:57:19] ### WARNING ###### Edge attribute `negative` has only None values
[2019-03-27 12:57:20] ### WARNING ###### Edge attribute `negative_refs` has only None values
[2019-03-27 12:57:21] ### INFO ### Removing duplicate edges...
[2019-03-27 13:35:10] ### INFO ### Logger initialized, logging to log/x4956.log
[2019-03-27 13:35:10] ### INFO ### PyPath has been initialized
[2019-03-27 13:35:10] ### INFO ### Beginning session 'x4956'
[2019-03-27 13:35:10] ### INFO ###### Retrieving data by dataio.trip_interactions() ...
[2019-03-27 13:35:16] ### ERROR ###### trip_interactions: No such file or dataio function! :(

[2019-03-27 13:35:16] ### INFO ###### attach_network(): No data, nothing to do.
[2019-03-27 13:35:16] ### INFO ###### Retrieving data by dataio.spike_interactions() ...
[2019-03-27 13:35:17] ### INFO ### Loading mapping tables...
[2019-03-27 13:35:17] ### INFO ###### Loading table ('genesymbol', 'uniprot') ...
[2019-03-27 13:35:17] ### INFO ###### Table ('genesymbol', 'uniprot') loaded from UniprotMapping.
[2019-03-27 13:35:17] ### INFO ### Loading mapping tables...
[2019-03-27 13:35:17] ### INFO ###### Loading table ('uniprot-sec', 'uniprot-pri') ...
[2019-03-27 13:35:18] ### INFO ###### Table ('uniprot-sec', 'uniprot-pri') loaded from FileMapping.
[2019-03-27 13:35:18] ### INFO ### Loading mapping tables...
[2019-03-27 13:35:18] ### INFO ###### Loading table ('genesymbol', 'trembl') ...
[2019-03-27 13:35:18] ### INFO ###### Table ('genesymbol', 'trembl') loaded from UniprotMapping.
[2019-03-27 13:35:18] ### INFO ### Loading mapping tables...
[2019-03-27 13:35:18] ### INFO ###### Loading table ('genesymbol-syn', 'uniprot') ...
[2019-03-27 13:35:18] ### INFO ###### Table ('genesymbol-syn', 'uniprot') loaded from UniprotMapping.
[2019-03-27 13:35:18] ### INFO ###### 3841 lines have been read from spike_interactions,3720 links after mapping; 
		0 lines filtered by filters;
		7 lines filtered because lack of references;
		0 lines filtered by taxon filters.
[2019-03-27 13:35:18] ### INFO ###### Mapped edge list saved to /home/moonstrider/.pypath/cache/spike.edges.pickle
[2019-03-27 13:35:18] ### INFO ###### New nodes have been created
[2019-03-27 13:35:18] ### INFO ###### New edges have been created
[2019-03-27 13:35:18] ### INFO ###### Introducing new node and edge attributes...
[2019-03-27 13:35:19] ### WARNING ###### Vertex attribute `exp` has only None values
[2019-03-27 13:35:19] ### WARNING ###### Vertex attribute `sources` has only None values
[2019-03-27 13:35:19] ### WARNING ###### Vertex attribute `references` has only None values
[2019-03-27 13:35:19] ### WARNING ###### Edge attribute `spike_mechanism` has multiple types of values: set, str
[2019-03-27 13:35:19] ### WARNING ###### Edge attribute `negative` has only None values
[2019-03-27 13:35:19] ### WARNING ###### Edge attribute `negative_refs` has only None values
[2019-03-27 13:35:19] ### WARNING ###### Edge attribute `spike_effect` has multiple types of values: set, str
[2019-03-27 13:35:19] ### INFO ###### Retrieving data by dataio.signalink_interactions() ...
[2019-03-27 13:35:19] ### INFO ### Loading mapping tables...
[2019-03-27 13:35:19] ### INFO ###### Loading table ('genesymbol', 'swissprot') ...
[2019-03-27 13:35:19] ### INFO ###### Table ('genesymbol', 'swissprot') loaded from UniprotMapping.
[2019-03-27 13:35:19] ### INFO ### Loading mapping tables...
[2019-03-27 13:35:19] ### INFO ###### Loading table ('genesymbol-syn', 'swissprot') ...
[2019-03-27 13:35:19] ### INFO ###### Table ('genesymbol-syn', 'swissprot') loaded from UniprotMapping.
[2019-03-27 13:35:19] ### INFO ###### 6993 lines have been read from signalink_interactions,6943 links after mapping; 
		0 lines filtered by filters;
		6 lines filtered because lack of references;
		0 lines filtered by taxon filters.
[2019-03-27 13:35:19] ### INFO ###### Mapped edge list saved to /home/moonstrider/.pypath/cache/signalink3.edges.pickle
[2019-03-27 13:35:19] ### INFO ###### New nodes have been created
[2019-03-27 13:35:19] ### INFO ###### New edges have been created
[2019-03-27 13:35:19] ### INFO ###### Introducing new node and edge attributes...
[2019-03-27 13:35:20] ### WARNING ###### Vertex attribute `exp` has only None values
[2019-03-27 13:35:20] ### WARNING ###### Edge attribute `negative` has only None values
[2019-03-27 13:35:20] ### WARNING ###### Edge attribute `netbiol_effect` has multiple types of values: set, str
[2019-03-27 13:35:20] ### WARNING ###### Edge attribute `netbiol_is_direct` has multiple types of values: set, str
[2019-03-27 13:35:20] ### WARNING ###### Edge attribute `negative_refs` has only None values
[2019-03-27 13:35:20] ### WARNING ###### Edge attribute `netbiol_mechanism` has multiple types of values: set, str
[2019-03-27 13:35:20] ### INFO ###### Retrieving data by dataio.guide2pharma() ...
[2019-03-27 13:35:20] ### INFO ###### -1 lines have been read from guide2pharma,0 links after mapping; 
		0 lines filtered by filters;
		0 lines filtered because lack of references;
		0 lines filtered by taxon filters.
[2019-03-27 13:35:20] ### INFO ###### Mapped edge list saved to /home/moonstrider/.pypath/cache/guide2pharma.edges.pickle
[2019-03-27 13:35:20] ### INFO ###### New nodes have been created
[2019-03-27 13:35:20] ### INFO ###### New edges have been created
[2019-03-27 13:35:20] ### INFO ###### Introducing new node and edge attributes...
[2019-03-27 13:35:20] ### WARNING ###### Vertex attribute `exp` has only None values
[2019-03-27 13:35:20] ### WARNING ###### Edge attribute `negative` has only None values
[2019-03-27 13:35:20] ### WARNING ###### Edge attribute `negative_refs` has only None values
[2019-03-27 13:35:20] ### INFO ###### Retrieving data by dataio.get_ca1() ...
[2019-03-27 13:35:20] ### INFO ###### 1787 lines have been read from get_ca1,1477 links after mapping; 
		0 lines filtered by filters;
		0 lines filtered because lack of references;
		0 lines filtered by taxon filters.
[2019-03-27 13:35:20] ### INFO ###### Mapped edge list saved to /home/moonstrider/.pypath/cache/ca1.edges.pickle
[2019-03-27 13:35:20] ### INFO ###### New nodes have been created
[2019-03-27 13:35:21] ### INFO ###### New edges have been created
[2019-03-27 13:35:21] ### INFO ###### Introducing new node and edge attributes...
[2019-03-27 13:35:21] ### WARNING ###### Vertex attribute `exp` has only None values
[2019-03-27 13:35:21] ### WARNING ###### Edge attribute `negative` has only None values
[2019-03-27 13:35:21] ### WARNING ###### Edge attribute `ca1_type` has multiple types of values: set, str
[2019-03-27 13:35:21] ### WARNING ###### Edge attribute `ca1_effect` has multiple types of values: set, str
[2019-03-27 13:35:21] ### WARNING ###### Edge attribute `negative_refs` has only None values
[2019-03-27 13:35:21] ### INFO ###### /home/moonstrider/anaconda3/envs/iDS/lib/python3.6/site-packages/pypath/data/arn_curated.csv opened...
[2019-03-27 13:35:21] ### INFO ###### 94 lines have been read from /home/moonstrider/anaconda3/envs/iDS/lib/python3.6/site-packages/pypath/data/arn_curated.csv,95 links after mapping; 
		0 lines filtered by filters;
		0 lines filtered because lack of references;
		0 lines filtered by taxon filters.
[2019-03-27 13:35:21] ### INFO ###### Mapped edge list saved to /home/moonstrider/.pypath/cache/arn.edges.pickle
[2019-03-27 13:35:21] ### INFO ###### New nodes have been created
[2019-03-27 13:35:21] ### INFO ###### New edges have been created
[2019-03-27 13:35:21] ### INFO ###### Introducing new node and edge attributes...
[2019-03-27 13:35:21] ### WARNING ###### Vertex attribute `exp` has only None values
[2019-03-27 13:35:21] ### WARNING ###### Edge attribute `negative` has only None values
[2019-03-27 13:35:21] ### WARNING ###### Edge attribute `netbiol_effect` has multiple types of values: str, set
[2019-03-27 13:35:21] ### WARNING ###### Edge attribute `negative_refs` has only None values
[2019-03-27 13:35:21] ### INFO ###### /home/moonstrider/anaconda3/envs/iDS/lib/python3.6/site-packages/pypath/data/nrf2ome.csv opened...
[2019-03-27 13:35:21] ### INFO ###### 108 lines have been read from /home/moonstrider/anaconda3/envs/iDS/lib/python3.6/site-packages/pypath/data/nrf2ome.csv,109 links after mapping; 
		0 lines filtered by filters;
		0 lines filtered because lack of references;
		0 lines filtered by taxon filters.
[2019-03-27 13:35:21] ### INFO ###### Mapped edge list saved to /home/moonstrider/.pypath/cache/nrf2ome.edges.pickle
[2019-03-27 13:35:21] ### INFO ###### New nodes have been created
[2019-03-27 13:35:21] ### INFO ###### New edges have been created
[2019-03-27 13:35:21] ### INFO ###### Introducing new node and edge attributes...
[2019-03-27 13:35:21] ### WARNING ###### Vertex attribute `exp` has only None values
[2019-03-27 13:35:21] ### WARNING ###### Edge attribute `negative` has only None values
[2019-03-27 13:35:21] ### WARNING ###### Edge attribute `netbiol_effect` has multiple types of values: str, set
[2019-03-27 13:35:21] ### WARNING ###### Edge attribute `negative_refs` has only None values
[2019-03-27 13:35:21] ### INFO ###### Retrieving data by dataio.macrophage_interactions() ...
[2019-03-27 13:35:21] ### INFO ###### 4515 lines have been read from macrophage_interactions,4860 links after mapping; 
		0 lines filtered by filters;
		13 lines filtered because lack of references;
		0 lines filtered by taxon filters.
[2019-03-27 13:35:21] ### INFO ###### Mapped edge list saved to /home/moonstrider/.pypath/cache/macrophage.edges.pickle
[2019-03-27 13:35:21] ### INFO ###### New nodes have been created
[2019-03-27 13:35:22] ### INFO ###### New edges have been created
[2019-03-27 13:35:22] ### INFO ###### Introducing new node and edge attributes...
[2019-03-27 13:35:22] ### WARNING ###### Vertex attribute `exp` has only None values
[2019-03-27 13:35:22] ### WARNING ###### Edge attribute `negative` has only None values
[2019-03-27 13:35:22] ### WARNING ###### Edge attribute `negative_refs` has only None values
[2019-03-27 13:35:22] ### INFO ###### Retrieving data by dataio.deathdomain_interactions() ...
[2019-03-27 13:35:23] ### ERROR ###### deathdomain_interactions: No such file or dataio function! :(

[2019-03-27 13:35:23] ### INFO ###### attach_network(): No data, nothing to do.
[2019-03-27 13:35:23] ### INFO ###### Retrieving data by dataio.get_pdzbase() ...
[2019-03-27 13:35:24] ### INFO ###### 338 lines have been read from get_pdzbase,125 links after mapping; 
		0 lines filtered by filters;
		0 lines filtered because lack of references;
		214 lines filtered by taxon filters.
[2019-03-27 13:35:24] ### INFO ###### Mapped edge list saved to /home/moonstrider/.pypath/cache/pdzbase.edges.pickle
[2019-03-27 13:35:24] ### INFO ###### New nodes have been created
[2019-03-27 13:35:24] ### INFO ###### New edges have been created
[2019-03-27 13:35:24] ### INFO ###### Introducing new node and edge attributes...
[2019-03-27 13:35:24] ### WARNING ###### Vertex attribute `exp` has only None values
[2019-03-27 13:35:24] ### WARNING ###### Edge attribute `negative` has only None values
[2019-03-27 13:35:24] ### WARNING ###### Edge attribute `negative_refs` has only None values
[2019-03-27 13:35:24] ### INFO ###### Retrieving data by dataio.signor_interactions() ...
[2019-03-27 13:35:25] ### INFO ###### 20140 lines have been read from signor_interactions,10124 links after mapping; 
		4012 lines filtered by filters;
		691 lines filtered because lack of references;
		3110 lines filtered by taxon filters.
[2019-03-27 13:35:25] ### INFO ###### Mapped edge list saved to /home/moonstrider/.pypath/cache/signor.edges.pickle
[2019-03-27 13:35:25] ### INFO ###### New nodes have been created
[2019-03-27 13:35:25] ### INFO ###### New edges have been created
[2019-03-27 13:35:25] ### INFO ###### Introducing new node and edge attributes...
[2019-03-27 13:35:27] ### WARNING ###### Vertex attribute `exp` has only None values
[2019-03-27 13:35:27] ### WARNING ###### Edge attribute `negative` has only None values
[2019-03-27 13:35:27] ### WARNING ###### Edge attribute `negative_refs` has only None values
[2019-03-27 13:35:27] ### INFO ###### Retrieving data by dataio.hpmr_interactions() ...
[2019-03-27 13:35:27] ### INFO ###### 621 lines have been read from hpmr_interactions,579 links after mapping; 
		0 lines filtered by filters;
		47 lines filtered because lack of references;
		0 lines filtered by taxon filters.
[2019-03-27 13:35:27] ### INFO ###### Mapped edge list saved to /home/moonstrider/.pypath/cache/hpmr.edges.pickle
[2019-03-27 13:35:27] ### INFO ###### New nodes have been created
[2019-03-27 13:35:27] ### INFO ###### New edges have been created
[2019-03-27 13:35:27] ### INFO ###### Introducing new node and edge attributes...
[2019-03-27 13:35:28] ### WARNING ###### Vertex attribute `exp` has only None values
[2019-03-27 13:35:28] ### WARNING ###### Edge attribute `negative` has only None values
[2019-03-27 13:35:28] ### WARNING ###### Edge attribute `negative_refs` has only None values
[2019-03-27 13:35:28] ### INFO ###### Retrieving data by dataio.cellphonedb_interactions() ...
[2019-03-27 13:35:28] ### INFO ###### 825 lines have been read from cellphonedb_interactions,148 links after mapping; 
		0 lines filtered by filters;
		678 lines filtered because lack of references;
		0 lines filtered by taxon filters.
[2019-03-27 13:35:28] ### INFO ###### Mapped edge list saved to /home/moonstrider/.pypath/cache/cellphonedb.edges.pickle
[2019-03-27 13:35:28] ### INFO ###### New nodes have been created
[2019-03-27 13:35:28] ### INFO ###### New edges have been created
[2019-03-27 13:35:28] ### INFO ###### Introducing new node and edge attributes...
[2019-03-27 13:35:28] ### WARNING ###### Vertex attribute `exp` has only None values
[2019-03-27 13:35:28] ### WARNING ###### Edge attribute `negative` has only None values
[2019-03-27 13:35:28] ### WARNING ###### Edge attribute `negative_refs` has only None values
[2019-03-27 13:35:28] ### INFO ###### Retrieving data by dataio.ramilowski_interactions() ...
[2019-03-27 13:35:29] ### INFO ###### 1898 lines have been read from ramilowski_interactions,341 links after mapping; 
		0 lines filtered by filters;
		1626 lines filtered because lack of references;
		0 lines filtered by taxon filters.
[2019-03-27 13:35:29] ### INFO ###### Mapped edge list saved to /home/moonstrider/.pypath/cache/ramilowski2015.edges.pickle
[2019-03-27 13:35:29] ### INFO ###### New nodes have been created
[2019-03-27 13:35:29] ### INFO ###### New edges have been created
[2019-03-27 13:35:29] ### INFO ###### Introducing new node and edge attributes...
[2019-03-27 13:35:29] ### WARNING ###### Vertex attribute `exp` has only None values
[2019-03-27 13:35:29] ### WARNING ###### Edge attribute `negative` has only None values
[2019-03-27 13:35:29] ### WARNING ###### Edge attribute `negative_refs` has only None values
[2019-03-27 13:35:29] ### INFO ###### Retrieving data by dataio.get_phosphosite_curated() ...
[2019-03-27 13:35:30] ### INFO ###### 5871 lines have been read from get_phosphosite_curated,5848 links after mapping; 
		0 lines filtered by filters;
		0 lines filtered because lack of references;
		0 lines filtered by taxon filters.
[2019-03-27 13:35:30] ### INFO ###### Mapped edge list saved to /home/moonstrider/.pypath/cache/phosphosite.edges.pickle
[2019-03-27 13:35:30] ### INFO ###### New nodes have been created
[2019-03-27 13:35:30] ### INFO ###### New edges have been created
[2019-03-27 13:35:30] ### INFO ###### Introducing new node and edge attributes...
[2019-03-27 13:35:32] ### WARNING ###### Vertex attribute `exp` has only None values
[2019-03-27 13:35:32] ### WARNING ###### Edge attribute `negative` has only None values
[2019-03-27 13:35:32] ### WARNING ###### Edge attribute `negative_refs` has only None values
[2019-03-27 13:35:32] ### INFO ###### Retrieving data by dataio.depod_interactions() ...
[2019-03-27 13:35:32] ### INFO ###### 831 lines have been read from depod_interactions,831 links after mapping; 
		0 lines filtered by filters;
		1 lines filtered because lack of references;
		0 lines filtered by taxon filters.
[2019-03-27 13:35:32] ### INFO ###### Mapped edge list saved to /home/moonstrider/.pypath/cache/depod.edges.pickle
[2019-03-27 13:35:32] ### INFO ###### New nodes have been created
[2019-03-27 13:35:32] ### INFO ###### New edges have been created
[2019-03-27 13:35:32] ### INFO ###### Introducing new node and edge attributes...
[2019-03-27 13:35:33] ### WARNING ###### Vertex attribute `exp` has only None values
[2019-03-27 13:35:33] ### WARNING ###### Edge attribute `negative` has only None values
[2019-03-27 13:35:33] ### WARNING ###### Edge attribute `negative_refs` has only None values
[2019-03-27 13:35:33] ### INFO ###### Retrieving data by dataio.lmpid_interactions() ...
[2019-03-27 13:35:40] ### INFO ###### 1169 lines have been read from lmpid_interactions,1170 links after mapping; 
		0 lines filtered by filters;
		0 lines filtered because lack of references;
		0 lines filtered by taxon filters.
[2019-03-27 13:35:40] ### INFO ###### Mapped edge list saved to /home/moonstrider/.pypath/cache/lmpid.edges.pickle
[2019-03-27 13:35:40] ### INFO ###### New nodes have been created
[2019-03-27 13:35:40] ### INFO ###### New edges have been created
[2019-03-27 13:35:40] ### INFO ###### Introducing new node and edge attributes...
[2019-03-27 13:35:41] ### WARNING ###### Vertex attribute `exp` has only None values
[2019-03-27 13:35:41] ### WARNING ###### Edge attribute `negative` has only None values
[2019-03-27 13:35:41] ### WARNING ###### Edge attribute `negative_refs` has only None values
[2019-03-27 13:35:41] ### INFO ###### Retrieving data by dataio.phelm_interactions() ...
[2019-03-27 13:35:42] ### INFO ###### 2425 lines have been read from phelm_interactions,2401 links after mapping; 
		0 lines filtered by filters;
		4 lines filtered because lack of references;
		0 lines filtered by taxon filters.
[2019-03-27 13:35:42] ### INFO ###### Mapped edge list saved to /home/moonstrider/.pypath/cache/phosphoelm.edges.pickle
[2019-03-27 13:35:42] ### INFO ###### New nodes have been created
[2019-03-27 13:35:42] ### INFO ###### New edges have been created
[2019-03-27 13:35:42] ### INFO ###### Introducing new node and edge attributes...
[2019-03-27 13:35:42] ### WARNING ###### Vertex attribute `exp` has only None values
[2019-03-27 13:35:42] ### WARNING ###### Edge attribute `negative` has only None values
[2019-03-27 13:35:42] ### WARNING ###### Edge attribute `negative_refs` has only None values
[2019-03-27 13:35:42] ### INFO ###### Retrieving data by dataio.get_elm_interactions() ...
[2019-03-27 13:35:42] ### INFO ###### 1442 lines have been read from get_elm_interactions,783 links after mapping; 
		0 lines filtered by filters;
		10 lines filtered because lack of references;
		649 lines filtered by taxon filters.
[2019-03-27 13:35:42] ### INFO ###### Mapped edge list saved to /home/moonstrider/.pypath/cache/elm.edges.pickle
[2019-03-27 13:35:42] ### INFO ###### New nodes have been created
[2019-03-27 13:35:42] ### INFO ###### New edges have been created
[2019-03-27 13:35:42] ### INFO ###### Introducing new node and edge attributes...
[2019-03-27 13:35:43] ### WARNING ###### Vertex attribute `exp` has only None values
[2019-03-27 13:35:43] ### WARNING ###### Edge attribute `negative` has only None values
[2019-03-27 13:35:43] ### WARNING ###### Edge attribute `negative_refs` has only None values
[2019-03-27 13:35:43] ### INFO ###### Retrieving data by dataio.get_domino_interactions() ...
[2019-03-27 13:35:43] ### INFO ###### -1 lines have been read from get_domino_interactions,0 links after mapping; 
		0 lines filtered by filters;
		0 lines filtered because lack of references;
		0 lines filtered by taxon filters.
[2019-03-27 13:35:43] ### INFO ###### Mapped edge list saved to /home/moonstrider/.pypath/cache/domino.edges.pickle
[2019-03-27 13:35:43] ### INFO ###### New nodes have been created
[2019-03-27 13:35:43] ### INFO ###### New edges have been created
[2019-03-27 13:35:43] ### INFO ###### Introducing new node and edge attributes...
[2019-03-27 13:35:43] ### WARNING ###### Vertex attribute `exp` has only None values
[2019-03-27 13:35:43] ### WARNING ###### Edge attribute `negative` has only None values
[2019-03-27 13:35:44] ### WARNING ###### Edge attribute `negative_refs` has only None values
[2019-03-27 13:35:44] ### INFO ###### Retrieving data by dataio.dbptm_interactions() ...
[2019-03-27 13:35:45] ### INFO ###### 2070 lines have been read from dbptm_interactions,1673 links after mapping; 
		0 lines filtered by filters;
		108 lines filtered because lack of references;
		0 lines filtered by taxon filters.
[2019-03-27 13:35:45] ### INFO ###### Mapped edge list saved to /home/moonstrider/.pypath/cache/dbptm.edges.pickle
[2019-03-27 13:35:45] ### INFO ###### New nodes have been created
[2019-03-27 13:35:45] ### INFO ###### New edges have been created
[2019-03-27 13:35:45] ### INFO ###### Introducing new node and edge attributes...
[2019-03-27 13:35:45] ### WARNING ###### Vertex attribute `exp` has only None values
[2019-03-27 13:35:45] ### WARNING ###### Edge attribute `negative` has only None values
[2019-03-27 13:35:45] ### WARNING ###### Edge attribute `negative_refs` has only None values
[2019-03-27 13:35:46] ### INFO ###### Retrieving data by dataio.hprd_interactions() ...
[2019-03-27 13:35:47] ### INFO ### Loading mapping tables...
[2019-03-27 13:35:47] ### INFO ###### Loading table ('refseqp', 'uniprot') ...
[2019-03-27 13:35:47] ### INFO ###### Table ('refseqp', 'uniprot') loaded from UniprotMapping.
[2019-03-27 13:35:47] ### INFO ###### 4670 lines have been read from hprd_interactions,4445 links after mapping; 
		0 lines filtered by filters;
		0 lines filtered because lack of references;
		0 lines filtered by taxon filters.
[2019-03-27 13:35:47] ### INFO ###### Mapped edge list saved to /home/moonstrider/.pypath/cache/hprd-phos.edges.pickle
[2019-03-27 13:35:47] ### INFO ###### New nodes have been created
[2019-03-27 13:35:47] ### INFO ###### New edges have been created
[2019-03-27 13:35:47] ### INFO ###### Introducing new node and edge attributes...
[2019-03-27 13:35:48] ### WARNING ###### Vertex attribute `exp` has only None values
[2019-03-27 13:35:48] ### WARNING ###### Edge attribute `negative` has only None values
[2019-03-27 13:35:48] ### WARNING ###### Edge attribute `hprd_mechanism` has multiple types of values: set, str
[2019-03-27 13:35:48] ### WARNING ###### Edge attribute `negative_refs` has only None values
[2019-03-27 13:35:48] ### INFO ###### Retrieving data by dataio.biogrid_interactions() ...
[2019-03-27 13:35:55] ### INFO ###### 216416 lines have been read from biogrid_interactions,162093 links after mapping; 
		0 lines filtered by filters;
		0 lines filtered because lack of references;
		0 lines filtered by taxon filters.
[2019-03-27 13:35:55] ### INFO ###### Mapped edge list saved to /home/moonstrider/.pypath/cache/biogrid.edges.pickle
[2019-03-27 13:35:56] ### INFO ###### New nodes have been created
[2019-03-27 13:35:56] ### INFO ###### New edges have been created
[2019-03-27 13:35:56] ### INFO ###### Introducing new node and edge attributes...
[2019-03-27 13:36:21] ### WARNING ###### Vertex attribute `exp` has only None values
[2019-03-27 13:36:21] ### WARNING ###### Edge attribute `negative` has only None values
[2019-03-27 13:36:23] ### WARNING ###### Edge attribute `negative_refs` has only None values
[2019-03-27 13:36:23] ### INFO ###### Retrieving data by dataio.get_ccmap() ...
[2019-03-27 13:36:24] ### INFO ###### 47643 lines have been read from get_ccmap,43457 links after mapping; 
		0 lines filtered by filters;
		226 lines filtered because lack of references;
		0 lines filtered by taxon filters.
[2019-03-27 13:36:24] ### INFO ###### Mapped edge list saved to /home/moonstrider/.pypath/cache/cancercellmap.edges.pickle
[2019-03-27 13:36:24] ### INFO ###### New nodes have been created
[2019-03-27 13:36:25] ### INFO ###### New edges have been created
[2019-03-27 13:36:25] ### INFO ###### Introducing new node and edge attributes...
[2019-03-27 13:36:30] ### WARNING ###### Vertex attribute `exp` has only None values
[2019-03-27 13:36:30] ### WARNING ###### Edge attribute `negative` has only None values
[2019-03-27 13:36:30] ### WARNING ###### Edge attribute `negative_refs` has only None values
[2019-03-27 13:36:31] ### INFO ###### Retrieving data by dataio.mppi_interactions() ...
[2019-03-27 13:36:31] ### INFO ###### 776 lines have been read from mppi_interactions,751 links after mapping; 
		0 lines filtered by filters;
		8 lines filtered because lack of references;
		0 lines filtered by taxon filters.
[2019-03-27 13:36:31] ### INFO ###### Mapped edge list saved to /home/moonstrider/.pypath/cache/mppi.edges.pickle
[2019-03-27 13:36:31] ### INFO ###### New nodes have been created
[2019-03-27 13:36:31] ### INFO ###### New edges have been created
[2019-03-27 13:36:31] ### INFO ###### Introducing new node and edge attributes...
[2019-03-27 13:36:32] ### WARNING ###### Vertex attribute `exp` has only None values
[2019-03-27 13:36:32] ### WARNING ###### Edge attribute `negative` has only None values
[2019-03-27 13:36:32] ### WARNING ###### Edge attribute `negative_refs` has only None values
[2019-03-27 13:36:34] ### INFO ###### Retrieving data by dataio.get_dip() ...
[2019-03-27 13:36:34] ### INFO ###### -1 lines have been read from get_dip,0 links after mapping; 
		0 lines filtered by filters;
		0 lines filtered because lack of references;
		0 lines filtered by taxon filters.
[2019-03-27 13:36:34] ### INFO ###### Mapped edge list saved to /home/moonstrider/.pypath/cache/dip.edges.pickle
[2019-03-27 13:36:34] ### INFO ###### New nodes have been created
[2019-03-27 13:36:34] ### INFO ###### New edges have been created
[2019-03-27 13:36:34] ### INFO ###### Introducing new node and edge attributes...
[2019-03-27 13:36:34] ### WARNING ###### Vertex attribute `exp` has only None values
[2019-03-27 13:36:34] ### WARNING ###### Edge attribute `negative` has only None values
[2019-03-27 13:36:35] ### WARNING ###### Edge attribute `negative_refs` has only None values
[2019-03-27 13:36:35] ### INFO ###### Retrieving data by dataio.get_innatedb() ...
[2019-03-27 13:36:36] ### INFO ###### 19035 lines have been read from get_innatedb,18829 links after mapping; 
		0 lines filtered by filters;
		0 lines filtered because lack of references;
		0 lines filtered by taxon filters.
[2019-03-27 13:36:36] ### INFO ###### Mapped edge list saved to /home/moonstrider/.pypath/cache/innatedb.edges.pickle
[2019-03-27 13:36:36] ### INFO ###### New nodes have been created
[2019-03-27 13:36:36] ### INFO ###### New edges have been created
[2019-03-27 13:36:36] ### INFO ###### Introducing new node and edge attributes...
[2019-03-27 13:36:42] ### WARNING ###### Vertex attribute `exp` has only None values
[2019-03-27 13:36:42] ### WARNING ###### Edge attribute `negative` has only None values
[2019-03-27 13:36:43] ### WARNING ###### Edge attribute `negative_refs` has only None values
[2019-03-27 13:36:43] ### INFO ###### Retrieving data by dataio.get_matrixdb() ...
[2019-03-27 13:36:43] ### INFO ###### 424 lines have been read from get_matrixdb,425 links after mapping; 
		0 lines filtered by filters;
		0 lines filtered because lack of references;
		0 lines filtered by taxon filters.
[2019-03-27 13:36:43] ### INFO ###### Mapped edge list saved to /home/moonstrider/.pypath/cache/matrixdb.edges.pickle
[2019-03-27 13:36:43] ### INFO ###### New nodes have been created
[2019-03-27 13:36:43] ### INFO ###### New edges have been created
[2019-03-27 13:36:43] ### INFO ###### Introducing new node and edge attributes...
[2019-03-27 13:36:43] ### WARNING ###### Vertex attribute `exp` has only None values
[2019-03-27 13:36:44] ### WARNING ###### Edge attribute `negative` has only None values
[2019-03-27 13:36:44] ### WARNING ###### Edge attribute `negative_refs` has only None values
[2019-03-27 13:36:45] ### INFO ###### Retrieving data by dataio.intact_interactions() ...
[2019-03-27 13:37:18] ### INFO ###### 123992 lines have been read from intact_interactions,74945 links after mapping; 
		0 lines filtered by filters;
		49138 lines filtered because lack of references;
		0 lines filtered by taxon filters.
[2019-03-27 13:37:18] ### INFO ###### Mapped edge list saved to /home/moonstrider/.pypath/cache/intact.edges.pickle
[2019-03-27 13:37:18] ### INFO ###### New nodes have been created
[2019-03-27 13:37:18] ### INFO ###### New edges have been created
[2019-03-27 13:37:18] ### INFO ###### Introducing new node and edge attributes...
[2019-03-27 13:37:57] ### WARNING ###### Vertex attribute `exp` has only None values
[2019-03-27 13:37:58] ### WARNING ###### Edge attribute `negative` has only None values
[2019-03-27 13:37:59] ### WARNING ###### Edge attribute `negative_refs` has only None values
[2019-03-27 13:38:00] ### INFO ###### Retrieving data by dataio.hprd_htp() ...
[2019-03-27 13:38:02] ### INFO ###### 39240 lines have been read from hprd_htp,42023 links after mapping; 
		0 lines filtered by filters;
		0 lines filtered because lack of references;
		0 lines filtered by taxon filters.
[2019-03-27 13:38:02] ### INFO ###### Mapped edge list saved to /home/moonstrider/.pypath/cache/hprd.edges.pickle
[2019-03-27 13:38:02] ### INFO ###### New nodes have been created
[2019-03-27 13:38:03] ### INFO ###### New edges have been created
[2019-03-27 13:38:03] ### INFO ###### Introducing new node and edge attributes...
[2019-03-27 13:38:24] ### WARNING ###### Vertex attribute `exp` has only None values
[2019-03-27 13:38:25] ### WARNING ###### Edge attribute `negative` has only None values
[2019-03-27 13:38:26] ### WARNING ###### Edge attribute `negative_refs` has only None values
[2019-03-27 13:38:27] ### INFO ### Removing duplicate edges...
