[2019-03-28 22:08:51] ### INFO ### Logger initialized, logging to log/pxg2o.log
[2019-03-28 22:08:51] ### INFO ### PyPath has been initialized
[2019-03-28 22:08:51] ### INFO ### Beginning session 'pxg2o'
[2019-03-28 22:08:52] ### INFO ###### Retrieving data by dataio.trip_interactions() ...
[2019-03-28 22:08:57] ### ERROR ###### trip_interactions: No such file or dataio function! :(

[2019-03-28 22:08:57] ### INFO ###### attach_network(): No data, nothing to do.
[2019-03-28 22:08:57] ### INFO ###### Retrieving data by dataio.spike_interactions() ...
[2019-03-28 22:08:59] ### INFO ### Loading mapping tables...
[2019-03-28 22:08:59] ### INFO ###### Loading table ('genesymbol', 'uniprot') ...
[2019-03-28 22:08:59] ### INFO ###### Table ('genesymbol', 'uniprot') loaded from UniprotMapping.
[2019-03-28 22:08:59] ### INFO ### Loading mapping tables...
[2019-03-28 22:08:59] ### INFO ###### Loading table ('uniprot-sec', 'uniprot-pri') ...
[2019-03-28 22:08:59] ### INFO ###### Table ('uniprot-sec', 'uniprot-pri') loaded from FileMapping.
[2019-03-28 22:08:59] ### INFO ### Loading mapping tables...
[2019-03-28 22:08:59] ### INFO ###### Loading table ('genesymbol', 'trembl') ...
[2019-03-28 22:09:00] ### INFO ###### Table ('genesymbol', 'trembl') loaded from UniprotMapping.
[2019-03-28 22:09:00] ### INFO ### Loading mapping tables...
[2019-03-28 22:09:00] ### INFO ###### Loading table ('genesymbol-syn', 'uniprot') ...
[2019-03-28 22:09:00] ### INFO ###### Table ('genesymbol-syn', 'uniprot') loaded from UniprotMapping.
[2019-03-28 22:09:00] ### INFO ###### 3841 lines have been read from spike_interactions,3720 links after mapping; 
		0 lines filtered by filters;
		7 lines filtered because lack of references;
		0 lines filtered by taxon filters.
[2019-03-28 22:09:00] ### INFO ###### Mapped edge list saved to /home/moonstrider/.pypath/cache/spike.edges.pickle
[2019-03-28 22:09:00] ### INFO ###### New nodes have been created
[2019-03-28 22:09:00] ### INFO ###### New edges have been created
[2019-03-28 22:09:00] ### INFO ###### Introducing new node and edge attributes...
[2019-03-28 22:09:00] ### WARNING ###### Vertex attribute `exp` has only None values
[2019-03-28 22:09:00] ### WARNING ###### Vertex attribute `sources` has only None values
[2019-03-28 22:09:00] ### WARNING ###### Vertex attribute `references` has only None values
[2019-03-28 22:09:00] ### WARNING ###### Edge attribute `spike_effect` has multiple types of values: set, str
[2019-03-28 22:09:00] ### WARNING ###### Edge attribute `spike_mechanism` has multiple types of values: set, str
[2019-03-28 22:09:00] ### WARNING ###### Edge attribute `negative_refs` has only None values
[2019-03-28 22:09:00] ### WARNING ###### Edge attribute `negative` has only None values
[2019-03-28 22:09:00] ### INFO ###### Retrieving data by dataio.signalink_interactions() ...
[2019-03-28 22:09:00] ### INFO ### Loading mapping tables...
[2019-03-28 22:09:00] ### INFO ###### Loading table ('genesymbol', 'swissprot') ...
[2019-03-28 22:09:00] ### INFO ###### Table ('genesymbol', 'swissprot') loaded from UniprotMapping.
[2019-03-28 22:09:00] ### INFO ### Loading mapping tables...
[2019-03-28 22:09:00] ### INFO ###### Loading table ('genesymbol-syn', 'swissprot') ...
[2019-03-28 22:09:00] ### INFO ###### Table ('genesymbol-syn', 'swissprot') loaded from UniprotMapping.
[2019-03-28 22:09:01] ### INFO ###### 6993 lines have been read from signalink_interactions,6943 links after mapping; 
		0 lines filtered by filters;
		6 lines filtered because lack of references;
		0 lines filtered by taxon filters.
[2019-03-28 22:09:01] ### INFO ###### Mapped edge list saved to /home/moonstrider/.pypath/cache/signalink3.edges.pickle
[2019-03-28 22:09:01] ### INFO ###### New nodes have been created
[2019-03-28 22:09:01] ### INFO ###### New edges have been created
[2019-03-28 22:09:01] ### INFO ###### Introducing new node and edge attributes...
[2019-03-28 22:09:02] ### WARNING ###### Vertex attribute `exp` has only None values
[2019-03-28 22:09:02] ### WARNING ###### Edge attribute `netbiol_effect` has multiple types of values: set, str
[2019-03-28 22:09:02] ### WARNING ###### Edge attribute `negative_refs` has only None values
[2019-03-28 22:09:02] ### WARNING ###### Edge attribute `netbiol_mechanism` has multiple types of values: set, str
[2019-03-28 22:09:02] ### WARNING ###### Edge attribute `negative` has only None values
[2019-03-28 22:09:02] ### WARNING ###### Edge attribute `netbiol_is_direct` has multiple types of values: set, str
[2019-03-28 22:09:02] ### INFO ###### Retrieving data by dataio.guide2pharma() ...
[2019-03-28 22:09:02] ### INFO ###### -1 lines have been read from guide2pharma,0 links after mapping; 
		0 lines filtered by filters;
		0 lines filtered because lack of references;
		0 lines filtered by taxon filters.
[2019-03-28 22:09:02] ### INFO ###### Mapped edge list saved to /home/moonstrider/.pypath/cache/guide2pharma.edges.pickle
[2019-03-28 22:09:02] ### INFO ###### New nodes have been created
[2019-03-28 22:09:02] ### INFO ###### New edges have been created
[2019-03-28 22:09:02] ### INFO ###### Introducing new node and edge attributes...
[2019-03-28 22:09:02] ### WARNING ###### Vertex attribute `exp` has only None values
[2019-03-28 22:09:02] ### WARNING ###### Edge attribute `negative_refs` has only None values
[2019-03-28 22:09:02] ### WARNING ###### Edge attribute `negative` has only None values
[2019-03-28 22:09:02] ### INFO ###### Retrieving data by dataio.get_ca1() ...
[2019-03-28 22:09:02] ### INFO ###### 1787 lines have been read from get_ca1,1477 links after mapping; 
		0 lines filtered by filters;
		0 lines filtered because lack of references;
		0 lines filtered by taxon filters.
[2019-03-28 22:09:02] ### INFO ###### Mapped edge list saved to /home/moonstrider/.pypath/cache/ca1.edges.pickle
[2019-03-28 22:09:02] ### INFO ###### New nodes have been created
[2019-03-28 22:09:02] ### INFO ###### New edges have been created
[2019-03-28 22:09:02] ### INFO ###### Introducing new node and edge attributes...
[2019-03-28 22:09:03] ### WARNING ###### Vertex attribute `exp` has only None values
[2019-03-28 22:09:03] ### WARNING ###### Edge attribute `ca1_effect` has multiple types of values: set, str
[2019-03-28 22:09:03] ### WARNING ###### Edge attribute `negative_refs` has only None values
[2019-03-28 22:09:03] ### WARNING ###### Edge attribute `ca1_type` has multiple types of values: set, str
[2019-03-28 22:09:03] ### WARNING ###### Edge attribute `negative` has only None values
[2019-03-28 22:09:03] ### INFO ###### /home/moonstrider/anaconda3/envs/iDS/lib/python3.6/site-packages/pypath/data/arn_curated.csv opened...
[2019-03-28 22:09:03] ### INFO ###### 94 lines have been read from /home/moonstrider/anaconda3/envs/iDS/lib/python3.6/site-packages/pypath/data/arn_curated.csv,95 links after mapping; 
		0 lines filtered by filters;
		0 lines filtered because lack of references;
		0 lines filtered by taxon filters.
[2019-03-28 22:09:03] ### INFO ###### Mapped edge list saved to /home/moonstrider/.pypath/cache/arn.edges.pickle
[2019-03-28 22:09:03] ### INFO ###### New nodes have been created
[2019-03-28 22:09:03] ### INFO ###### New edges have been created
[2019-03-28 22:09:03] ### INFO ###### Introducing new node and edge attributes...
[2019-03-28 22:09:03] ### WARNING ###### Vertex attribute `exp` has only None values
[2019-03-28 22:09:03] ### WARNING ###### Edge attribute `netbiol_effect` has multiple types of values: str, set
[2019-03-28 22:09:03] ### WARNING ###### Edge attribute `negative_refs` has only None values
[2019-03-28 22:09:03] ### WARNING ###### Edge attribute `negative` has only None values
[2019-03-28 22:09:03] ### INFO ###### /home/moonstrider/anaconda3/envs/iDS/lib/python3.6/site-packages/pypath/data/nrf2ome.csv opened...
[2019-03-28 22:09:03] ### INFO ###### 108 lines have been read from /home/moonstrider/anaconda3/envs/iDS/lib/python3.6/site-packages/pypath/data/nrf2ome.csv,109 links after mapping; 
		0 lines filtered by filters;
		0 lines filtered because lack of references;
		0 lines filtered by taxon filters.
[2019-03-28 22:09:03] ### INFO ###### Mapped edge list saved to /home/moonstrider/.pypath/cache/nrf2ome.edges.pickle
[2019-03-28 22:09:03] ### INFO ###### New nodes have been created
[2019-03-28 22:09:03] ### INFO ###### New edges have been created
[2019-03-28 22:09:03] ### INFO ###### Introducing new node and edge attributes...
[2019-03-28 22:09:03] ### WARNING ###### Vertex attribute `exp` has only None values
[2019-03-28 22:09:03] ### WARNING ###### Edge attribute `netbiol_effect` has multiple types of values: str, set
[2019-03-28 22:09:03] ### WARNING ###### Edge attribute `negative_refs` has only None values
[2019-03-28 22:09:03] ### WARNING ###### Edge attribute `negative` has only None values
[2019-03-28 22:09:03] ### INFO ###### Retrieving data by dataio.macrophage_interactions() ...
[2019-03-28 22:09:03] ### INFO ###### 4515 lines have been read from macrophage_interactions,4860 links after mapping; 
		0 lines filtered by filters;
		13 lines filtered because lack of references;
		0 lines filtered by taxon filters.
[2019-03-28 22:09:03] ### INFO ###### Mapped edge list saved to /home/moonstrider/.pypath/cache/macrophage.edges.pickle
[2019-03-28 22:09:03] ### INFO ###### New nodes have been created
[2019-03-28 22:09:03] ### INFO ###### New edges have been created
[2019-03-28 22:09:03] ### INFO ###### Introducing new node and edge attributes...
[2019-03-28 22:09:04] ### WARNING ###### Vertex attribute `exp` has only None values
[2019-03-28 22:09:04] ### WARNING ###### Edge attribute `negative_refs` has only None values
[2019-03-28 22:09:04] ### WARNING ###### Edge attribute `negative` has only None values
[2019-03-28 22:09:04] ### INFO ###### Retrieving data by dataio.deathdomain_interactions() ...
[2019-03-28 22:09:04] ### INFO ###### -1 lines have been read from deathdomain_interactions,0 links after mapping; 
		0 lines filtered by filters;
		0 lines filtered because lack of references;
		0 lines filtered by taxon filters.
[2019-03-28 22:09:04] ### INFO ###### Mapped edge list saved to /home/moonstrider/.pypath/cache/deathdomain.edges.pickle
[2019-03-28 22:09:04] ### INFO ###### New nodes have been created
[2019-03-28 22:09:04] ### INFO ###### New edges have been created
[2019-03-28 22:09:04] ### INFO ###### Introducing new node and edge attributes...
[2019-03-28 22:09:04] ### WARNING ###### Vertex attribute `exp` has only None values
[2019-03-28 22:09:04] ### WARNING ###### Edge attribute `negative_refs` has only None values
[2019-03-28 22:09:04] ### WARNING ###### Edge attribute `negative` has only None values
[2019-03-28 22:09:04] ### INFO ###### Retrieving data by dataio.get_pdzbase() ...
[2019-03-28 22:09:04] ### INFO ###### 338 lines have been read from get_pdzbase,125 links after mapping; 
		0 lines filtered by filters;
		0 lines filtered because lack of references;
		214 lines filtered by taxon filters.
[2019-03-28 22:09:04] ### INFO ###### Mapped edge list saved to /home/moonstrider/.pypath/cache/pdzbase.edges.pickle
[2019-03-28 22:09:04] ### INFO ###### New nodes have been created
[2019-03-28 22:09:04] ### INFO ###### New edges have been created
[2019-03-28 22:09:04] ### INFO ###### Introducing new node and edge attributes...
[2019-03-28 22:09:04] ### WARNING ###### Vertex attribute `exp` has only None values
[2019-03-28 22:09:04] ### WARNING ###### Edge attribute `negative_refs` has only None values
[2019-03-28 22:09:04] ### WARNING ###### Edge attribute `negative` has only None values
[2019-03-28 22:09:04] ### INFO ###### Retrieving data by dataio.signor_interactions() ...
[2019-03-28 22:09:06] ### INFO ###### 20140 lines have been read from signor_interactions,10124 links after mapping; 
		4012 lines filtered by filters;
		691 lines filtered because lack of references;
		3110 lines filtered by taxon filters.
[2019-03-28 22:09:06] ### INFO ###### Mapped edge list saved to /home/moonstrider/.pypath/cache/signor.edges.pickle
[2019-03-28 22:09:06] ### INFO ###### New nodes have been created
[2019-03-28 22:09:06] ### INFO ###### New edges have been created
[2019-03-28 22:09:06] ### INFO ###### Introducing new node and edge attributes...
[2019-03-28 22:09:07] ### WARNING ###### Vertex attribute `exp` has only None values
[2019-03-28 22:09:07] ### WARNING ###### Edge attribute `negative_refs` has only None values
[2019-03-28 22:09:07] ### WARNING ###### Edge attribute `negative` has only None values
[2019-03-28 22:09:07] ### INFO ###### Retrieving data by dataio.hpmr_interactions() ...
[2019-03-28 22:09:07] ### INFO ###### 621 lines have been read from hpmr_interactions,579 links after mapping; 
		0 lines filtered by filters;
		47 lines filtered because lack of references;
		0 lines filtered by taxon filters.
[2019-03-28 22:09:07] ### INFO ###### Mapped edge list saved to /home/moonstrider/.pypath/cache/hpmr.edges.pickle
[2019-03-28 22:09:07] ### INFO ###### New nodes have been created
[2019-03-28 22:09:07] ### INFO ###### New edges have been created
[2019-03-28 22:09:07] ### INFO ###### Introducing new node and edge attributes...
[2019-03-28 22:09:08] ### WARNING ###### Vertex attribute `exp` has only None values
[2019-03-28 22:09:08] ### WARNING ###### Edge attribute `negative_refs` has only None values
[2019-03-28 22:09:08] ### WARNING ###### Edge attribute `negative` has only None values
[2019-03-28 22:09:08] ### INFO ###### Retrieving data by dataio.cellphonedb_interactions() ...
[2019-03-28 22:09:08] ### INFO ###### 825 lines have been read from cellphonedb_interactions,148 links after mapping; 
		0 lines filtered by filters;
		678 lines filtered because lack of references;
		0 lines filtered by taxon filters.
[2019-03-28 22:09:08] ### INFO ###### Mapped edge list saved to /home/moonstrider/.pypath/cache/cellphonedb.edges.pickle
[2019-03-28 22:09:08] ### INFO ###### New nodes have been created
[2019-03-28 22:09:08] ### INFO ###### New edges have been created
[2019-03-28 22:09:08] ### INFO ###### Introducing new node and edge attributes...
[2019-03-28 22:09:08] ### WARNING ###### Vertex attribute `exp` has only None values
[2019-03-28 22:09:08] ### WARNING ###### Edge attribute `negative_refs` has only None values
[2019-03-28 22:09:08] ### WARNING ###### Edge attribute `negative` has only None values
[2019-03-28 22:09:08] ### INFO ###### Retrieving data by dataio.ramilowski_interactions() ...
[2019-03-28 22:09:09] ### INFO ###### 1898 lines have been read from ramilowski_interactions,341 links after mapping; 
		0 lines filtered by filters;
		1626 lines filtered because lack of references;
		0 lines filtered by taxon filters.
[2019-03-28 22:09:09] ### INFO ###### Mapped edge list saved to /home/moonstrider/.pypath/cache/ramilowski2015.edges.pickle
[2019-03-28 22:09:09] ### INFO ###### New nodes have been created
[2019-03-28 22:09:09] ### INFO ###### New edges have been created
[2019-03-28 22:09:09] ### INFO ###### Introducing new node and edge attributes...
[2019-03-28 22:09:09] ### WARNING ###### Vertex attribute `exp` has only None values
[2019-03-28 22:09:09] ### WARNING ###### Edge attribute `negative_refs` has only None values
[2019-03-28 22:09:09] ### WARNING ###### Edge attribute `negative` has only None values
[2019-03-28 22:09:09] ### INFO ###### Retrieving data by dataio.get_phosphosite_curated() ...
[2019-03-28 22:09:09] ### INFO ###### 5871 lines have been read from get_phosphosite_curated,5848 links after mapping; 
		0 lines filtered by filters;
		0 lines filtered because lack of references;
		0 lines filtered by taxon filters.
[2019-03-28 22:09:09] ### INFO ###### Mapped edge list saved to /home/moonstrider/.pypath/cache/phosphosite.edges.pickle
[2019-03-28 22:09:09] ### INFO ###### New nodes have been created
[2019-03-28 22:09:09] ### INFO ###### New edges have been created
[2019-03-28 22:09:09] ### INFO ###### Introducing new node and edge attributes...
[2019-03-28 22:09:12] ### WARNING ###### Vertex attribute `exp` has only None values
[2019-03-28 22:09:12] ### WARNING ###### Edge attribute `negative_refs` has only None values
[2019-03-28 22:09:12] ### WARNING ###### Edge attribute `negative` has only None values
[2019-03-28 22:09:12] ### INFO ###### Retrieving data by dataio.depod_interactions() ...
[2019-03-28 22:09:12] ### INFO ###### 831 lines have been read from depod_interactions,831 links after mapping; 
		0 lines filtered by filters;
		1 lines filtered because lack of references;
		0 lines filtered by taxon filters.
[2019-03-28 22:09:12] ### INFO ###### Mapped edge list saved to /home/moonstrider/.pypath/cache/depod.edges.pickle
[2019-03-28 22:09:12] ### INFO ###### New nodes have been created
[2019-03-28 22:09:12] ### INFO ###### New edges have been created
[2019-03-28 22:09:12] ### INFO ###### Introducing new node and edge attributes...
[2019-03-28 22:09:12] ### WARNING ###### Vertex attribute `exp` has only None values
[2019-03-28 22:09:12] ### WARNING ###### Edge attribute `negative_refs` has only None values
[2019-03-28 22:09:12] ### WARNING ###### Edge attribute `negative` has only None values
[2019-03-28 22:09:13] ### INFO ###### Retrieving data by dataio.lmpid_interactions() ...
[2019-03-28 22:09:20] ### INFO ###### 1169 lines have been read from lmpid_interactions,1170 links after mapping; 
		0 lines filtered by filters;
		0 lines filtered because lack of references;
		0 lines filtered by taxon filters.
[2019-03-28 22:09:20] ### INFO ###### Mapped edge list saved to /home/moonstrider/.pypath/cache/lmpid.edges.pickle
[2019-03-28 22:09:20] ### INFO ###### New nodes have been created
[2019-03-28 22:09:20] ### INFO ###### New edges have been created
[2019-03-28 22:09:20] ### INFO ###### Introducing new node and edge attributes...
[2019-03-28 22:09:20] ### WARNING ###### Vertex attribute `exp` has only None values
[2019-03-28 22:09:20] ### WARNING ###### Edge attribute `negative_refs` has only None values
[2019-03-28 22:09:21] ### WARNING ###### Edge attribute `negative` has only None values
[2019-03-28 22:09:21] ### INFO ###### Retrieving data by dataio.phelm_interactions() ...
[2019-03-28 22:09:21] ### INFO ###### 2425 lines have been read from phelm_interactions,2401 links after mapping; 
		0 lines filtered by filters;
		4 lines filtered because lack of references;
		0 lines filtered by taxon filters.
[2019-03-28 22:09:21] ### INFO ###### Mapped edge list saved to /home/moonstrider/.pypath/cache/phosphoelm.edges.pickle
[2019-03-28 22:09:21] ### INFO ###### New nodes have been created
[2019-03-28 22:09:21] ### INFO ###### New edges have been created
[2019-03-28 22:09:21] ### INFO ###### Introducing new node and edge attributes...
[2019-03-28 22:09:22] ### WARNING ###### Vertex attribute `exp` has only None values
[2019-03-28 22:09:22] ### WARNING ###### Edge attribute `negative_refs` has only None values
[2019-03-28 22:09:22] ### WARNING ###### Edge attribute `negative` has only None values
[2019-03-28 22:09:22] ### INFO ###### Retrieving data by dataio.get_elm_interactions() ...
[2019-03-28 22:09:22] ### INFO ###### 1442 lines have been read from get_elm_interactions,783 links after mapping; 
		0 lines filtered by filters;
		10 lines filtered because lack of references;
		649 lines filtered by taxon filters.
[2019-03-28 22:09:22] ### INFO ###### Mapped edge list saved to /home/moonstrider/.pypath/cache/elm.edges.pickle
[2019-03-28 22:09:22] ### INFO ###### New nodes have been created
[2019-03-28 22:09:22] ### INFO ###### New edges have been created
[2019-03-28 22:09:22] ### INFO ###### Introducing new node and edge attributes...
[2019-03-28 22:09:22] ### WARNING ###### Vertex attribute `exp` has only None values
[2019-03-28 22:09:22] ### WARNING ###### Edge attribute `negative_refs` has only None values
[2019-03-28 22:09:22] ### WARNING ###### Edge attribute `negative` has only None values
[2019-03-28 22:09:23] ### INFO ###### Retrieving data by dataio.get_domino_interactions() ...
[2019-03-28 22:09:23] ### INFO ###### -1 lines have been read from get_domino_interactions,0 links after mapping; 
		0 lines filtered by filters;
		0 lines filtered because lack of references;
		0 lines filtered by taxon filters.
[2019-03-28 22:09:23] ### INFO ###### Mapped edge list saved to /home/moonstrider/.pypath/cache/domino.edges.pickle
[2019-03-28 22:09:23] ### INFO ###### New nodes have been created
[2019-03-28 22:09:23] ### INFO ###### New edges have been created
[2019-03-28 22:09:23] ### INFO ###### Introducing new node and edge attributes...
[2019-03-28 22:09:23] ### WARNING ###### Vertex attribute `exp` has only None values
[2019-03-28 22:09:23] ### WARNING ###### Edge attribute `negative_refs` has only None values
[2019-03-28 22:09:23] ### WARNING ###### Edge attribute `negative` has only None values
[2019-03-28 22:09:23] ### INFO ###### Retrieving data by dataio.dbptm_interactions() ...
[2019-03-28 22:09:24] ### INFO ###### 2070 lines have been read from dbptm_interactions,1673 links after mapping; 
		0 lines filtered by filters;
		108 lines filtered because lack of references;
		0 lines filtered by taxon filters.
[2019-03-28 22:09:24] ### INFO ###### Mapped edge list saved to /home/moonstrider/.pypath/cache/dbptm.edges.pickle
[2019-03-28 22:09:24] ### INFO ###### New nodes have been created
[2019-03-28 22:09:24] ### INFO ###### New edges have been created
[2019-03-28 22:09:24] ### INFO ###### Introducing new node and edge attributes...
[2019-03-28 22:09:24] ### WARNING ###### Vertex attribute `exp` has only None values
[2019-03-28 22:09:24] ### WARNING ###### Edge attribute `negative_refs` has only None values
[2019-03-28 22:09:24] ### WARNING ###### Edge attribute `negative` has only None values
[2019-03-28 22:09:24] ### INFO ###### Retrieving data by dataio.hprd_interactions() ...
[2019-03-28 22:09:25] ### INFO ### Loading mapping tables...
[2019-03-28 22:09:25] ### INFO ###### Loading table ('refseqp', 'uniprot') ...
[2019-03-28 22:09:26] ### INFO ###### Table ('refseqp', 'uniprot') loaded from UniprotMapping.
[2019-03-28 22:09:26] ### INFO ###### 4670 lines have been read from hprd_interactions,4445 links after mapping; 
		0 lines filtered by filters;
		0 lines filtered because lack of references;
		0 lines filtered by taxon filters.
[2019-03-28 22:09:26] ### INFO ###### Mapped edge list saved to /home/moonstrider/.pypath/cache/hprd-phos.edges.pickle
[2019-03-28 22:09:26] ### INFO ###### New nodes have been created
[2019-03-28 22:09:26] ### INFO ###### New edges have been created
[2019-03-28 22:09:26] ### INFO ###### Introducing new node and edge attributes...
[2019-03-28 22:09:27] ### WARNING ###### Vertex attribute `exp` has only None values
[2019-03-28 22:09:27] ### WARNING ###### Edge attribute `negative_refs` has only None values
[2019-03-28 22:09:27] ### WARNING ###### Edge attribute `negative` has only None values
[2019-03-28 22:09:27] ### WARNING ###### Edge attribute `hprd_mechanism` has multiple types of values: set, str
[2019-03-28 22:09:27] ### INFO ###### Retrieving data by dataio.biogrid_interactions() ...
[2019-03-28 22:09:33] ### INFO ###### 216416 lines have been read from biogrid_interactions,162093 links after mapping; 
		0 lines filtered by filters;
		0 lines filtered because lack of references;
		0 lines filtered by taxon filters.
[2019-03-28 22:09:34] ### INFO ###### Mapped edge list saved to /home/moonstrider/.pypath/cache/biogrid.edges.pickle
[2019-03-28 22:09:34] ### INFO ###### New nodes have been created
[2019-03-28 22:09:34] ### INFO ###### New edges have been created
[2019-03-28 22:09:34] ### INFO ###### Introducing new node and edge attributes...
[2019-03-28 22:09:58] ### WARNING ###### Vertex attribute `exp` has only None values
[2019-03-28 22:09:59] ### WARNING ###### Edge attribute `negative_refs` has only None values
[2019-03-28 22:09:59] ### WARNING ###### Edge attribute `negative` has only None values
[2019-03-28 22:10:00] ### INFO ###### Retrieving data by dataio.get_ccmap() ...
[2019-03-28 22:10:01] ### INFO ###### 47643 lines have been read from get_ccmap,43457 links after mapping; 
		0 lines filtered by filters;
		226 lines filtered because lack of references;
		0 lines filtered by taxon filters.
[2019-03-28 22:10:01] ### INFO ###### Mapped edge list saved to /home/moonstrider/.pypath/cache/cancercellmap.edges.pickle
[2019-03-28 22:10:01] ### INFO ###### New nodes have been created
[2019-03-28 22:10:01] ### INFO ###### New edges have been created
[2019-03-28 22:10:01] ### INFO ###### Introducing new node and edge attributes...
[2019-03-28 22:10:05] ### WARNING ###### Vertex attribute `exp` has only None values
[2019-03-28 22:10:06] ### WARNING ###### Edge attribute `negative_refs` has only None values
[2019-03-28 22:10:06] ### WARNING ###### Edge attribute `negative` has only None values
[2019-03-28 22:10:08] ### INFO ###### Retrieving data by dataio.mppi_interactions() ...
[2019-03-28 22:10:08] ### INFO ###### 776 lines have been read from mppi_interactions,751 links after mapping; 
		0 lines filtered by filters;
		8 lines filtered because lack of references;
		0 lines filtered by taxon filters.
[2019-03-28 22:10:08] ### INFO ###### Mapped edge list saved to /home/moonstrider/.pypath/cache/mppi.edges.pickle
[2019-03-28 22:10:08] ### INFO ###### New nodes have been created
[2019-03-28 22:10:08] ### INFO ###### New edges have been created
[2019-03-28 22:10:08] ### INFO ###### Introducing new node and edge attributes...
[2019-03-28 22:10:08] ### WARNING ###### Vertex attribute `exp` has only None values
[2019-03-28 22:10:09] ### WARNING ###### Edge attribute `negative_refs` has only None values
[2019-03-28 22:10:09] ### WARNING ###### Edge attribute `negative` has only None values
[2019-03-28 22:10:09] ### INFO ###### Retrieving data by dataio.get_dip() ...
[2019-03-28 22:10:09] ### INFO ###### -1 lines have been read from get_dip,0 links after mapping; 
		0 lines filtered by filters;
		0 lines filtered because lack of references;
		0 lines filtered by taxon filters.
[2019-03-28 22:10:09] ### INFO ###### Mapped edge list saved to /home/moonstrider/.pypath/cache/dip.edges.pickle
[2019-03-28 22:10:09] ### INFO ###### New nodes have been created
[2019-03-28 22:10:10] ### INFO ###### New edges have been created
[2019-03-28 22:10:10] ### INFO ###### Introducing new node and edge attributes...
[2019-03-28 22:10:10] ### WARNING ###### Vertex attribute `exp` has only None values
[2019-03-28 22:10:10] ### WARNING ###### Edge attribute `negative_refs` has only None values
[2019-03-28 22:10:10] ### WARNING ###### Edge attribute `negative` has only None values
[2019-03-28 22:10:11] ### INFO ###### Retrieving data by dataio.get_innatedb() ...
[2019-03-28 22:10:12] ### INFO ###### 19035 lines have been read from get_innatedb,18829 links after mapping; 
		0 lines filtered by filters;
		0 lines filtered because lack of references;
		0 lines filtered by taxon filters.
[2019-03-28 22:10:12] ### INFO ###### Mapped edge list saved to /home/moonstrider/.pypath/cache/innatedb.edges.pickle
[2019-03-28 22:10:12] ### INFO ###### New nodes have been created
[2019-03-28 22:10:12] ### INFO ###### New edges have been created
[2019-03-28 22:10:12] ### INFO ###### Introducing new node and edge attributes...
[2019-03-28 22:10:17] ### WARNING ###### Vertex attribute `exp` has only None values
[2019-03-28 22:10:17] ### WARNING ###### Edge attribute `negative_refs` has only None values
[2019-03-28 22:10:17] ### WARNING ###### Edge attribute `negative` has only None values
[2019-03-28 22:10:18] ### INFO ###### Retrieving data by dataio.get_matrixdb() ...
[2019-03-28 22:10:18] ### INFO ###### 424 lines have been read from get_matrixdb,425 links after mapping; 
		0 lines filtered by filters;
		0 lines filtered because lack of references;
		0 lines filtered by taxon filters.
[2019-03-28 22:10:18] ### INFO ###### Mapped edge list saved to /home/moonstrider/.pypath/cache/matrixdb.edges.pickle
[2019-03-28 22:10:18] ### INFO ###### New nodes have been created
[2019-03-28 22:10:18] ### INFO ###### New edges have been created
[2019-03-28 22:10:18] ### INFO ###### Introducing new node and edge attributes...
[2019-03-28 22:10:18] ### WARNING ###### Vertex attribute `exp` has only None values
[2019-03-28 22:10:19] ### WARNING ###### Edge attribute `negative_refs` has only None values
[2019-03-28 22:10:19] ### WARNING ###### Edge attribute `negative` has only None values
[2019-03-28 22:10:20] ### INFO ###### Retrieving data by dataio.intact_interactions() ...
[2019-03-28 22:10:51] ### INFO ###### 123992 lines have been read from intact_interactions,74945 links after mapping; 
		0 lines filtered by filters;
		49138 lines filtered because lack of references;
		0 lines filtered by taxon filters.
[2019-03-28 22:10:51] ### INFO ###### Mapped edge list saved to /home/moonstrider/.pypath/cache/intact.edges.pickle
[2019-03-28 22:10:51] ### INFO ###### New nodes have been created
[2019-03-28 22:10:51] ### INFO ###### New edges have been created
[2019-03-28 22:10:51] ### INFO ###### Introducing new node and edge attributes...
[2019-03-28 22:11:26] ### WARNING ###### Vertex attribute `exp` has only None values
[2019-03-28 22:11:27] ### WARNING ###### Edge attribute `negative_refs` has only None values
[2019-03-28 22:11:27] ### WARNING ###### Edge attribute `negative` has only None values
[2019-03-28 22:11:29] ### INFO ###### Retrieving data by dataio.hprd_htp() ...
[2019-03-28 22:11:31] ### INFO ###### 39240 lines have been read from hprd_htp,42023 links after mapping; 
		0 lines filtered by filters;
		0 lines filtered because lack of references;
		0 lines filtered by taxon filters.
[2019-03-28 22:11:31] ### INFO ###### Mapped edge list saved to /home/moonstrider/.pypath/cache/hprd.edges.pickle
[2019-03-28 22:11:31] ### INFO ###### New nodes have been created
[2019-03-28 22:11:31] ### INFO ###### New edges have been created
[2019-03-28 22:11:31] ### INFO ###### Introducing new node and edge attributes...
[2019-03-28 22:11:51] ### WARNING ###### Vertex attribute `exp` has only None values
[2019-03-28 22:11:52] ### WARNING ###### Edge attribute `negative_refs` has only None values
[2019-03-28 22:11:52] ### WARNING ###### Edge attribute `negative` has only None values
[2019-03-28 22:11:54] ### INFO ### Removing duplicate edges...
[2019-03-28 22:23:17] ### INFO ### Logger initialized, logging to log/pxg2o.log
[2019-03-28 22:26:18] ### INFO ### Logger initialized, logging to log/pxg2o.log
[2019-03-29 00:00:04] ### INFO ### Logger initialized, logging to log/vjigw.log
[2019-03-29 00:00:04] ### INFO ### PyPath has been initialized
[2019-03-29 00:00:04] ### INFO ### Beginning session 'vjigw'
[2019-03-31 06:02:41] ### INFO ### Logger initialized, logging to log/pxg2o.log
[2019-03-31 06:03:02] ### INFO ### Logger initialized, logging to log/pxg2o.log
[2019-04-02 00:20:56] ### INFO ### Logger initialized, logging to log/pxg2o.log
[2019-04-02 04:40:16] ### INFO ### Logger initialized, logging to log/pxg2o.log
[2019-04-02 05:15:03] ### INFO ### Logger initialized, logging to log/pxg2o.log
[2019-04-02 05:19:50] ### INFO ### Logger initialized, logging to log/pxg2o.log
[2019-04-02 05:26:08] ### INFO ### Logger initialized, logging to log/pxg2o.log
[2019-04-02 05:30:52] ### INFO ### Logger initialized, logging to log/pxg2o.log
[2019-04-02 05:40:11] ### INFO ### Logger initialized, logging to log/pxg2o.log
[2019-04-02 05:44:16] ### INFO ### Logger initialized, logging to log/pxg2o.log
[2019-04-02 05:47:51] ### INFO ### Logger initialized, logging to log/pxg2o.log
[2019-04-02 05:51:33] ### INFO ### Logger initialized, logging to log/pxg2o.log
[2019-04-02 05:59:34] Connecting to Enrichr Server to get latest library names
[2019-04-02 05:59:34] Analysis name: pathway_analysis, Enrichr Library: KEGG_2016
[2019-04-02 05:59:37] Save file of enrichment results: Job Id:9kh92
[2019-04-02 05:59:37] Warning: No enrich terms using library KEGG_2016 when cutoff = 0.05
[2019-04-02 05:59:37] Done.

[2019-04-02 05:59:43] Connecting to Enrichr Server to get latest library names
[2019-04-02 05:59:43] Analysis name: pathway_analysis, Enrichr Library: KEGG_2016
[2019-04-02 05:59:46] Save file of enrichment results: Job Id:9kh93
[2019-04-02 05:59:46] Warning: No enrich terms using library KEGG_2016 when cutoff = 0.05
[2019-04-02 05:59:46] Done.

[2019-04-02 06:04:54] ### INFO ### Logger initialized, logging to log/pxg2o.log
[2019-04-02 06:32:19] ### INFO ### Logger initialized, logging to log/pxg2o.log
[2019-04-02 07:13:31] ### INFO ### Logger initialized, logging to log/pxg2o.log
[2019-04-02 07:19:06] ### INFO ### Logger initialized, logging to log/pxg2o.log
[2019-04-02 07:24:31] ### INFO ### Logger initialized, logging to log/pxg2o.log
[2019-04-02 07:28:59] ### INFO ### Logger initialized, logging to log/pxg2o.log
[2019-04-02 07:30:31] ### INFO ### Logger initialized, logging to log/pxg2o.log
[2019-04-02 09:52:44] ### INFO ### Logger initialized, logging to log/pxg2o.log
[2019-04-02 09:59:25] ### INFO ### Logger initialized, logging to log/pxg2o.log
[2019-04-02 10:03:21] ### INFO ### Logger initialized, logging to log/pxg2o.log
[2019-04-02 10:06:41] ### INFO ### Logger initialized, logging to log/pxg2o.log
[2019-04-02 10:16:58] ### INFO ### Logger initialized, logging to log/pxg2o.log
[2019-04-02 10:19:12] ### INFO ### Logger initialized, logging to log/pxg2o.log
[2019-04-02 10:20:48] ### INFO ### Logger initialized, logging to log/pxg2o.log
[2019-04-02 10:23:11] ### INFO ### Logger initialized, logging to log/pxg2o.log
[2019-04-02 10:24:42] ### INFO ### Logger initialized, logging to log/pxg2o.log
[2019-04-02 10:41:42] ### INFO ### Logger initialized, logging to log/pxg2o.log
[2019-04-02 10:42:27] ### INFO ### Logger initialized, logging to log/pxg2o.log
[2019-04-02 10:44:54] ### INFO ### Logger initialized, logging to log/pxg2o.log
[2019-04-02 11:20:52] ### INFO ### Logger initialized, logging to log/pxg2o.log
[2019-04-02 11:21:49] ### INFO ### Logger initialized, logging to log/pxg2o.log
[2019-04-02 11:22:51] ### INFO ### Logger initialized, logging to log/pxg2o.log
[2019-04-02 11:25:22] ### INFO ### Logger initialized, logging to log/pxg2o.log
[2019-04-02 11:35:02] ### INFO ### Logger initialized, logging to log/pxg2o.log
[2019-04-02 12:01:30] ### INFO ### Logger initialized, logging to log/pxg2o.log
[2019-04-02 12:11:21] ### INFO ### Logger initialized, logging to log/pxg2o.log
[2019-04-02 12:11:33] ### INFO ### Logger initialized, logging to log/pxg2o.log
[2019-04-02 12:11:43] ### INFO ### Logger initialized, logging to log/pxg2o.log
[2019-04-02 12:40:48] ### INFO ### Logger initialized, logging to log/pxg2o.log
[2019-04-02 12:47:29] ### INFO ### Logger initialized, logging to log/pxg2o.log
[2019-04-02 12:48:09] ### INFO ### Logger initialized, logging to log/pxg2o.log
[2019-04-02 12:50:16] ### INFO ### Logger initialized, logging to log/pxg2o.log
[2019-04-02 12:51:51] ### INFO ### Logger initialized, logging to log/pxg2o.log
[2019-04-02 12:52:39] ### INFO ### Logger initialized, logging to log/pxg2o.log
[2019-04-02 12:57:47] ### INFO ### Logger initialized, logging to log/pxg2o.log
[2019-04-02 13:00:07] ### INFO ### Logger initialized, logging to log/pxg2o.log
[2019-04-02 13:01:56] ### INFO ### Logger initialized, logging to log/pxg2o.log
[2019-04-02 13:03:53] ### INFO ### Logger initialized, logging to log/pxg2o.log
[2019-04-02 13:05:03] ### INFO ### Logger initialized, logging to log/pxg2o.log
[2019-04-02 13:05:59] ### INFO ### Logger initialized, logging to log/pxg2o.log
[2019-04-02 13:06:27] ### INFO ### Logger initialized, logging to log/pxg2o.log
[2019-04-02 13:07:25] ### INFO ### Logger initialized, logging to log/pxg2o.log
[2019-04-02 13:39:01] ### INFO ### Logger initialized, logging to log/pxg2o.log
[2019-04-02 15:56:16] ### INFO ### Logger initialized, logging to log/pxg2o.log
[2019-04-02 15:58:51] ### INFO ### Logger initialized, logging to log/pxg2o.log
[2019-04-02 17:31:26] ### INFO ### Logger initialized, logging to log/pxg2o.log
[2019-04-02 17:35:23] ### INFO ### Logger initialized, logging to log/pxg2o.log
[2019-04-02 17:35:39] ### INFO ### Logger initialized, logging to log/pxg2o.log
[2019-04-02 17:40:12] ### INFO ### Logger initialized, logging to log/pxg2o.log
[2019-04-02 17:42:43] ### INFO ### Logger initialized, logging to log/pxg2o.log
[2019-04-02 17:50:34] ### INFO ### Logger initialized, logging to log/pxg2o.log
[2019-04-02 18:12:11] ### INFO ### Logger initialized, logging to log/pxg2o.log
[2019-04-02 18:22:06] ### INFO ### Logger initialized, logging to log/pxg2o.log
[2019-04-02 18:23:21] ### INFO ### Logger initialized, logging to log/pxg2o.log
[2019-04-02 18:26:30] ### INFO ### Logger initialized, logging to log/pxg2o.log
[2019-04-02 20:10:46] ### INFO ### Logger initialized, logging to log/pxg2o.log
[2019-04-02 20:20:57] ### INFO ### Logger initialized, logging to log/pxg2o.log
[2019-04-02 20:21:59] ### INFO ### Logger initialized, logging to log/pxg2o.log
[2019-04-02 21:20:59] ### INFO ### Logger initialized, logging to log/pxg2o.log
[2019-04-02 21:23:57] ### INFO ### Logger initialized, logging to log/pxg2o.log
[2019-04-02 21:28:02] ### INFO ### Logger initialized, logging to log/pxg2o.log
[2019-04-02 21:37:17] ### INFO ### Logger initialized, logging to log/pxg2o.log
[2019-04-02 21:39:33] ### INFO ### Logger initialized, logging to log/pxg2o.log
[2019-04-02 21:52:20] ### INFO ### Logger initialized, logging to log/pxg2o.log
[2019-04-02 21:53:45] ### INFO ### Logger initialized, logging to log/pxg2o.log
[2019-04-02 22:01:11] ### INFO ### Logger initialized, logging to log/pxg2o.log
[2019-04-02 22:08:11] ### INFO ### Logger initialized, logging to log/pxg2o.log
[2019-04-02 22:30:41] ### INFO ### Logger initialized, logging to log/pxg2o.log
[2019-04-03 08:32:25] ### INFO ### Logger initialized, logging to log/pxg2o.log
[2019-04-03 08:33:20] ### INFO ### Logger initialized, logging to log/pxg2o.log
[2019-04-03 08:35:54] ### INFO ### Logger initialized, logging to log/pxg2o.log
[2019-04-03 08:37:20] ### INFO ### Logger initialized, logging to log/pxg2o.log
[2019-04-03 08:37:51] ### INFO ### Logger initialized, logging to log/pxg2o.log
[2019-04-03 08:39:56] ### INFO ### Logger initialized, logging to log/pxg2o.log
[2019-04-03 08:42:17] ### INFO ### Logger initialized, logging to log/pxg2o.log
[2019-04-03 08:52:19] ### INFO ### Logger initialized, logging to log/pxg2o.log
[2019-04-03 12:01:06] ### INFO ### Logger initialized, logging to log/pxg2o.log
[2019-04-03 12:40:04] ### INFO ### Logger initialized, logging to log/pxg2o.log
[2019-04-03 12:43:48] ### INFO ### Logger initialized, logging to log/pxg2o.log
[2019-04-03 12:48:57] ### INFO ### Logger initialized, logging to log/pxg2o.log
[2019-04-03 12:52:48] ### INFO ### Logger initialized, logging to log/pxg2o.log
[2019-04-03 12:52:59] ### INFO ### Logger initialized, logging to log/pxg2o.log
[2019-04-03 13:12:23] ### INFO ### Logger initialized, logging to log/pxg2o.log
[2019-04-03 13:13:04] ### INFO ### Logger initialized, logging to log/pxg2o.log
[2019-04-03 13:15:43] ### INFO ### Logger initialized, logging to log/pxg2o.log
[2019-04-03 13:16:26] ### INFO ### Logger initialized, logging to log/pxg2o.log
[2019-04-03 13:20:09] ### INFO ### Logger initialized, logging to log/pxg2o.log
[2019-04-03 13:25:27] ### INFO ### Logger initialized, logging to log/pxg2o.log
[2019-04-03 13:30:47] ### INFO ### Logger initialized, logging to log/pxg2o.log
[2019-04-03 13:48:19] ### INFO ### Logger initialized, logging to log/pxg2o.log
[2019-04-03 14:06:55] ### INFO ### Logger initialized, logging to log/pxg2o.log
[2019-04-03 14:27:59] ### INFO ### Logger initialized, logging to log/pxg2o.log
[2019-04-03 14:59:18] ### INFO ### Logger initialized, logging to log/pxg2o.log
[2019-04-03 15:04:52] ### INFO ### Logger initialized, logging to log/pxg2o.log
[2019-04-03 17:26:34] ### INFO ### Logger initialized, logging to log/pxg2o.log
[2019-04-03 17:30:08] ### INFO ### Logger initialized, logging to log/pxg2o.log
[2019-04-03 17:41:23] ### INFO ### Logger initialized, logging to log/pxg2o.log
[2019-04-03 18:33:18] ### INFO ### Logger initialized, logging to log/pxg2o.log
[2019-04-03 18:36:15] ### INFO ### Logger initialized, logging to log/pxg2o.log
[2019-04-03 18:38:06] ### INFO ### Logger initialized, logging to log/pxg2o.log
[2019-04-03 18:40:52] ### INFO ### Logger initialized, logging to log/pxg2o.log
[2019-04-03 19:05:49] ### INFO ### Logger initialized, logging to log/pxg2o.log
[2019-04-03 19:37:44] ### INFO ### Logger initialized, logging to log/pxg2o.log
[2019-04-03 19:45:40] ### INFO ### Logger initialized, logging to log/pxg2o.log
[2019-04-03 20:00:46] ### INFO ### Logger initialized, logging to log/pxg2o.log
[2019-04-03 20:03:03] ### INFO ### Logger initialized, logging to log/pxg2o.log
[2019-04-03 20:05:42] ### INFO ### Logger initialized, logging to log/pxg2o.log
[2019-04-03 20:11:32] ### INFO ### Logger initialized, logging to log/pxg2o.log
[2019-04-03 20:16:03] ### INFO ### Logger initialized, logging to log/pxg2o.log
[2019-04-03 20:19:33] ### INFO ### Logger initialized, logging to log/pxg2o.log
[2019-04-03 20:27:49] ### INFO ### Logger initialized, logging to log/pxg2o.log
[2019-04-03 20:28:53] ### INFO ### Logger initialized, logging to log/pxg2o.log
[2019-04-03 20:30:18] ### INFO ### Logger initialized, logging to log/pxg2o.log
[2019-04-03 20:35:24] ### INFO ### Logger initialized, logging to log/pxg2o.log
[2019-04-03 22:49:30] ### INFO ### Logger initialized, logging to log/pxg2o.log
[2019-04-03 23:47:53] ### INFO ### Logger initialized, logging to log/pxg2o.log
[2019-04-04 00:14:25] ### INFO ### Logger initialized, logging to log/pxg2o.log
[2019-04-04 01:08:04] ### INFO ### Logger initialized, logging to log/pxg2o.log
[2019-04-04 06:09:02] ### INFO ### Logger initialized, logging to log/pxg2o.log
[2019-04-04 06:20:06] ### INFO ### Logger initialized, logging to log/pxg2o.log
